
> arteria-frontend@1.0.0 start
> react-scripts start

(node:74028) [DEP_WEBPACK_DEV_SERVER_ON_AFTER_SETUP_MIDDLEWARE] DeprecationWarning: 'onAfterSetupMiddleware' option is deprecated. Please use the 'setupMiddlewares' option.
(Use `node --trace-deprecation ...` to show where the warning was created)
(node:74028) [DEP_WEBPACK_DEV_SERVER_ON_BEFORE_SETUP_MIDDLEWARE] DeprecationWarning: 'onBeforeSetupMiddleware' option is deprecated. Please use the 'setupMiddlewares' option.
Starting the development server...

Compiled successfully!

You can now view arteria-frontend in the browser.

  Local:            http://localhost:3000
  On Your Network:  http://10.100.136.245:3000

Note that the development build is not optimized.
To create a production build, use npm run build.

webpack compiled successfully
Failed to compile.

Module not found: Error: Can't resolve '../components/FastNav' in '/home/hugorteixeira/AvisoVC/frontend/src/pages'
ERROR in ./src/pages/TestArmLeft.jsx 7:0-44
Module not found: Error: Can't resolve '../components/FastNav' in '/home/hugorteixeira/AvisoVC/frontend/src/pages'

ERROR in ./src/pages/TestArmRight.jsx 7:0-44
Module not found: Error: Can't resolve '../components/FastNav' in '/home/hugorteixeira/AvisoVC/frontend/src/pages'

ERROR in ./src/pages/TestFacial.jsx 9:0-44
Module not found: Error: Can't resolve '../components/FastNav' in '/home/hugorteixeira/AvisoVC/frontend/src/pages'

ERROR in ./src/pages/TestSpeech.jsx 10:0-44
Module not found: Error: Can't resolve '../components/FastNav' in '/home/hugorteixeira/AvisoVC/frontend/src/pages'

webpack compiled with 4 errors
Compiling...
Failed to compile.

Module not found: Error: Can't resolve '../components/FastNav' in '/home/hugorteixeira/AvisoVC/frontend/src/pages'
ERROR in ./src/pages/TestArmLeft.jsx 7:0-44
Module not found: Error: Can't resolve '../components/FastNav' in '/home/hugorteixeira/AvisoVC/frontend/src/pages'

ERROR in ./src/pages/TestArmRight.jsx 7:0-44
Module not found: Error: Can't resolve '../components/FastNav' in '/home/hugorteixeira/AvisoVC/frontend/src/pages'

ERROR in ./src/pages/TestFacial.jsx 9:0-44
Module not found: Error: Can't resolve '../components/FastNav' in '/home/hugorteixeira/AvisoVC/frontend/src/pages'

ERROR in ./src/pages/TestSpeech.jsx 10:0-44
Module not found: Error: Can't resolve '../components/FastNav' in '/home/hugorteixeira/AvisoVC/frontend/src/pages'

webpack compiled with 4 errors
Compiling...
Failed to compile.

Module not found: Error: Can't resolve '../components/FastNav' in '/home/hugorteixeira/AvisoVC/frontend/src/pages'
ERROR in ./src/pages/TestArmLeft.jsx 7:0-44
Module not found: Error: Can't resolve '../components/FastNav' in '/home/hugorteixeira/AvisoVC/frontend/src/pages'

ERROR in ./src/pages/TestArmRight.jsx 7:0-44
Module not found: Error: Can't resolve '../components/FastNav' in '/home/hugorteixeira/AvisoVC/frontend/src/pages'

ERROR in ./src/pages/TestFacial.jsx 9:0-44
Module not found: Error: Can't resolve '../components/FastNav' in '/home/hugorteixeira/AvisoVC/frontend/src/pages'

ERROR in ./src/pages/TestSpeech.jsx 10:0-44
Module not found: Error: Can't resolve '../components/FastNav' in '/home/hugorteixeira/AvisoVC/frontend/src/pages'

webpack compiled with 4 errors
Compiling...
Failed to compile.

Module not found: Error: Can't resolve '../components/FastNav' in '/home/hugorteixeira/AvisoVC/frontend/src/pages'
ERROR in ./src/pages/TestArmLeft.jsx 7:0-44
Module not found: Error: Can't resolve '../components/FastNav' in '/home/hugorteixeira/AvisoVC/frontend/src/pages'

ERROR in ./src/pages/TestArmRight.jsx 7:0-44
Module not found: Error: Can't resolve '../components/FastNav' in '/home/hugorteixeira/AvisoVC/frontend/src/pages'

ERROR in ./src/pages/TestSpeech.jsx 10:0-44
Module not found: Error: Can't resolve '../components/FastNav' in '/home/hugorteixeira/AvisoVC/frontend/src/pages'

webpack compiled with 3 errors
Compiling...
Failed to compile.

Module not found: Error: Can't resolve '../components/FastNav' in '/home/hugorteixeira/AvisoVC/frontend/src/pages'
ERROR in ./src/pages/TestArmLeft.jsx 7:0-44
Module not found: Error: Can't resolve '../components/FastNav' in '/home/hugorteixeira/AvisoVC/frontend/src/pages'

ERROR in ./src/pages/TestArmRight.jsx 7:0-44
Module not found: Error: Can't resolve '../components/FastNav' in '/home/hugorteixeira/AvisoVC/frontend/src/pages'

ERROR in ./src/pages/TestSpeech.jsx 10:0-44
Module not found: Error: Can't resolve '../components/FastNav' in '/home/hugorteixeira/AvisoVC/frontend/src/pages'

webpack compiled with 3 errors
Compiling...
Failed to compile.

Module not found: Error: Can't resolve '../components/FastNav' in '/home/hugorteixeira/AvisoVC/frontend/src/pages'
ERROR in ./src/pages/TestArmLeft.jsx 7:0-44
Module not found: Error: Can't resolve '../components/FastNav' in '/home/hugorteixeira/AvisoVC/frontend/src/pages'

ERROR in ./src/pages/TestArmRight.jsx 7:0-44
Module not found: Error: Can't resolve '../components/FastNav' in '/home/hugorteixeira/AvisoVC/frontend/src/pages'

ERROR in ./src/pages/TestSpeech.jsx 10:0-44
Module not found: Error: Can't resolve '../components/FastNav' in '/home/hugorteixeira/AvisoVC/frontend/src/pages'

webpack compiled with 3 errors
Compiling...
Failed to compile.

Module not found: Error: Can't resolve '../components/FastNav' in '/home/hugorteixeira/AvisoVC/frontend/src/pages'
ERROR in ./src/pages/TestArmLeft.jsx 7:0-44
Module not found: Error: Can't resolve '../components/FastNav' in '/home/hugorteixeira/AvisoVC/frontend/src/pages'

ERROR in ./src/pages/TestArmRight.jsx 7:0-44
Module not found: Error: Can't resolve '../components/FastNav' in '/home/hugorteixeira/AvisoVC/frontend/src/pages'

ERROR in ./src/pages/TestSpeech.jsx 10:0-44
Module not found: Error: Can't resolve '../components/FastNav' in '/home/hugorteixeira/AvisoVC/frontend/src/pages'

webpack compiled with 3 errors
Compiling...
Failed to compile.

Module not found: Error: Can't resolve '../components/FastNav' in '/home/hugorteixeira/AvisoVC/frontend/src/pages'
ERROR in ./src/pages/TestArmLeft.jsx 7:0-44
Module not found: Error: Can't resolve '../components/FastNav' in '/home/hugorteixeira/AvisoVC/frontend/src/pages'

ERROR in ./src/pages/TestArmRight.jsx 7:0-44
Module not found: Error: Can't resolve '../components/FastNav' in '/home/hugorteixeira/AvisoVC/frontend/src/pages'

ERROR in ./src/pages/TestSpeech.jsx 10:0-44
Module not found: Error: Can't resolve '../components/FastNav' in '/home/hugorteixeira/AvisoVC/frontend/src/pages'

webpack compiled with 3 errors
Compiling...
Failed to compile.

[eslint] 
src/pages/TestFacial.jsx
Syntax error: Unexpected token, expected "," (351:6) (351:6)
ERROR in ./src/pages/TestArmLeft.jsx 7:0-44
Module not found: Error: Can't resolve '../components/FastNav' in '/home/hugorteixeira/AvisoVC/frontend/src/pages'

ERROR in ./src/pages/TestArmRight.jsx 7:0-44
Module not found: Error: Can't resolve '../components/FastNav' in '/home/hugorteixeira/AvisoVC/frontend/src/pages'

ERROR in ./src/pages/TestFacial.jsx
Module build failed (from ./node_modules/babel-loader/lib/index.js):
SyntaxError: /home/hugorteixeira/AvisoVC/frontend/src/pages/TestFacial.jsx: Unexpected token, expected "," (351:6)

  349 |       </div>
  350 |
> 351 |       {status === 'ready' && (
      |       ^
  352 |         <div className="card mt-3">
  353 |           <h3>Instruções</h3>
  354 |           <ul className="text-left">
    at constructor (/home/hugorteixeira/AvisoVC/frontend/node_modules/@babel/parser/lib/index.js:367:19)
    at FlowParserMixin.raise (/home/hugorteixeira/AvisoVC/frontend/node_modules/@babel/parser/lib/index.js:6624:19)
    at FlowParserMixin.unexpected (/home/hugorteixeira/AvisoVC/frontend/node_modules/@babel/parser/lib/index.js:6644:16)
    at FlowParserMixin.expect (/home/hugorteixeira/AvisoVC/frontend/node_modules/@babel/parser/lib/index.js:6924:12)
    at FlowParserMixin.parseParenAndDistinguishExpression (/home/hugorteixeira/AvisoVC/frontend/node_modules/@babel/parser/lib/index.js:11733:14)
    at FlowParserMixin.parseParenAndDistinguishExpression (/home/hugorteixeira/AvisoVC/frontend/node_modules/@babel/parser/lib/index.js:3620:18)
    at FlowParserMixin.parseExprAtom (/home/hugorteixeira/AvisoVC/frontend/node_modules/@babel/parser/lib/index.js:11395:23)
    at FlowParserMixin.parseExprAtom (/home/hugorteixeira/AvisoVC/frontend/node_modules/@babel/parser/lib/index.js:4793:20)
    at FlowParserMixin.parseExprSubscripts (/home/hugorteixeira/AvisoVC/frontend/node_modules/@babel/parser/lib/index.js:11145:23)
    at FlowParserMixin.parseUpdate (/home/hugorteixeira/AvisoVC/frontend/node_modules/@babel/parser/lib/index.js:11130:21)
    at FlowParserMixin.parseMaybeUnary (/home/hugorteixeira/AvisoVC/frontend/node_modules/@babel/parser/lib/index.js:11110:23)
    at FlowParserMixin.parseMaybeUnaryOrPrivate (/home/hugorteixeira/AvisoVC/frontend/node_modules/@babel/parser/lib/index.js:10963:61)
    at FlowParserMixin.parseExprOps (/home/hugorteixeira/AvisoVC/frontend/node_modules/@babel/parser/lib/index.js:10968:23)
    at FlowParserMixin.parseMaybeConditional (/home/hugorteixeira/AvisoVC/frontend/node_modules/@babel/parser/lib/index.js:10945:23)
    at FlowParserMixin.parseMaybeAssign (/home/hugorteixeira/AvisoVC/frontend/node_modules/@babel/parser/lib/index.js:10895:21)
    at FlowParserMixin.parseMaybeAssign (/home/hugorteixeira/AvisoVC/frontend/node_modules/@babel/parser/lib/index.js:3578:18)
    at FlowParserMixin.parseExpressionBase (/home/hugorteixeira/AvisoVC/frontend/node_modules/@babel/parser/lib/index.js:10848:23)
    at /home/hugorteixeira/AvisoVC/frontend/node_modules/@babel/parser/lib/index.js:10844:39
    at FlowParserMixin.allowInAnd (/home/hugorteixeira/AvisoVC/frontend/node_modules/@babel/parser/lib/index.js:12495:16)
    at FlowParserMixin.parseExpression (/home/hugorteixeira/AvisoVC/frontend/node_modules/@babel/parser/lib/index.js:10844:17)
    at FlowParserMixin.parseReturnStatement (/home/hugorteixeira/AvisoVC/frontend/node_modules/@babel/parser/lib/index.js:13218:28)
    at FlowParserMixin.parseStatementContent (/home/hugorteixeira/AvisoVC/frontend/node_modules/@babel/parser/lib/index.js:12874:21)
    at FlowParserMixin.parseStatementLike (/home/hugorteixeira/AvisoVC/frontend/node_modules/@babel/parser/lib/index.js:12843:17)
    at FlowParserMixin.parseStatementLike (/home/hugorteixeira/AvisoVC/frontend/node_modules/@babel/parser/lib/index.js:2945:24)
    at FlowParserMixin.parseStatementListItem (/home/hugorteixeira/AvisoVC/frontend/node_modules/@babel/parser/lib/index.js:12823:17)
    at FlowParserMixin.parseBlockOrModuleBlockBody (/home/hugorteixeira/AvisoVC/frontend/node_modules/@babel/parser/lib/index.js:13392:61)
    at FlowParserMixin.parseBlockBody (/home/hugorteixeira/AvisoVC/frontend/node_modules/@babel/parser/lib/index.js:13385:10)
    at FlowParserMixin.parseBlock (/home/hugorteixeira/AvisoVC/frontend/node_modules/@babel/parser/lib/index.js:13373:10)
    at FlowParserMixin.parseStatementContent (/home/hugorteixeira/AvisoVC/frontend/node_modules/@babel/parser/lib/index.js:12934:21)
    at FlowParserMixin.parseStatementLike (/home/hugorteixeira/AvisoVC/frontend/node_modules/@babel/parser/lib/index.js:12843:17)
    at FlowParserMixin.parseStatementLike (/home/hugorteixeira/AvisoVC/frontend/node_modules/@babel/parser/lib/index.js:2945:24)
    at FlowParserMixin.parseStatementOrSloppyAnnexBFunctionDeclaration (/home/hugorteixeira/AvisoVC/frontend/node_modules/@babel/parser/lib/index.js:12833:17)
    at FlowParserMixin.parseIfStatement (/home/hugorteixeira/AvisoVC/frontend/node_modules/@babel/parser/lib/index.js:13206:28)
    at FlowParserMixin.parseStatementContent (/home/hugorteixeira/AvisoVC/frontend/node_modules/@babel/parser/lib/index.js:12872:21)
    at FlowParserMixin.parseStatementLike (/home/hugorteixeira/AvisoVC/frontend/node_modules/@babel/parser/lib/index.js:12843:17)
    at FlowParserMixin.parseStatementLike (/home/hugorteixeira/AvisoVC/frontend/node_modules/@babel/parser/lib/index.js:2945:24)
    at FlowParserMixin.parseStatementListItem (/home/hugorteixeira/AvisoVC/frontend/node_modules/@babel/parser/lib/index.js:12823:17)
    at FlowParserMixin.parseBlockOrModuleBlockBody (/home/hugorteixeira/AvisoVC/frontend/node_modules/@babel/parser/lib/index.js:13392:61)
    at FlowParserMixin.parseBlockBody (/home/hugorteixeira/AvisoVC/frontend/node_modules/@babel/parser/lib/index.js:13385:10)
    at FlowParserMixin.parseBlock (/home/hugorteixeira/AvisoVC/frontend/node_modules/@babel/parser/lib/index.js:13373:10)
    at FlowParserMixin.parseFunctionBody (/home/hugorteixeira/AvisoVC/frontend/node_modules/@babel/parser/lib/index.js:12174:24)
    at FlowParserMixin.parseFunctionBody (/home/hugorteixeira/AvisoVC/frontend/node_modules/@babel/parser/lib/index.js:2922:11)
    at FlowParserMixin.parseFunctionBodyAndFinish (/home/hugorteixeira/AvisoVC/frontend/node_modules/@babel/parser/lib/index.js:12160:10)
    at FlowParserMixin.parseFunctionBodyAndFinish (/home/hugorteixeira/AvisoVC/frontend/node_modules/@babel/parser/lib/index.js:2930:18)
    at /home/hugorteixeira/AvisoVC/frontend/node_modules/@babel/parser/lib/index.js:13521:12
    at FlowParserMixin.withSmartMixTopicForbiddingContext (/home/hugorteixeira/AvisoVC/frontend/node_modules/@babel/parser/lib/index.js:12477:14)
    at FlowParserMixin.parseFunction (/home/hugorteixeira/AvisoVC/frontend/node_modules/@babel/parser/lib/index.js:13520:10)
    at FlowParserMixin.parseExportDefaultExpression (/home/hugorteixeira/AvisoVC/frontend/node_modules/@babel/parser/lib/index.js:13983:19)
    at FlowParserMixin.parseExportDefaultExpression (/home/hugorteixeira/AvisoVC/frontend/node_modules/@babel/parser/lib/index.js:2993:18)
    at FlowParserMixin.parseExport (/home/hugorteixeira/AvisoVC/frontend/node_modules/@babel/parser/lib/index.js:13904:25)

ERROR in ./src/pages/TestSpeech.jsx 10:0-44
Module not found: Error: Can't resolve '../components/FastNav' in '/home/hugorteixeira/AvisoVC/frontend/src/pages'

ERROR in [eslint] 
src/pages/TestFacial.jsx
  Line 351:6:  Parsing error: Unexpected token, expected "," (351:6)

webpack compiled with 5 errors
Compiling...
Failed to compile.

[eslint] 
src/pages/TestFacial.jsx
Syntax error: Unexpected token, expected "," (351:6) (351:6)
ERROR in ./src/pages/TestArmLeft.jsx 7:0-44
Module not found: Error: Can't resolve '../components/FastNav' in '/home/hugorteixeira/AvisoVC/frontend/src/pages'

ERROR in ./src/pages/TestArmRight.jsx 7:0-44
Module not found: Error: Can't resolve '../components/FastNav' in '/home/hugorteixeira/AvisoVC/frontend/src/pages'

ERROR in ./src/pages/TestFacial.jsx
Module build failed (from ./node_modules/babel-loader/lib/index.js):
SyntaxError: /home/hugorteixeira/AvisoVC/frontend/src/pages/TestFacial.jsx: Unexpected token, expected "," (351:6)

  349 |       </div>
  350 |
> 351 |       {status === 'ready' && (
      |       ^
  352 |         <div className="card mt-3">
  353 |           <h3>Instruções</h3>
  354 |           <ul className="text-left">
    at constructor (/home/hugorteixeira/AvisoVC/frontend/node_modules/@babel/parser/lib/index.js:367:19)
    at FlowParserMixin.raise (/home/hugorteixeira/AvisoVC/frontend/node_modules/@babel/parser/lib/index.js:6624:19)
    at FlowParserMixin.unexpected (/home/hugorteixeira/AvisoVC/frontend/node_modules/@babel/parser/lib/index.js:6644:16)
    at FlowParserMixin.expect (/home/hugorteixeira/AvisoVC/frontend/node_modules/@babel/parser/lib/index.js:6924:12)
    at FlowParserMixin.parseParenAndDistinguishExpression (/home/hugorteixeira/AvisoVC/frontend/node_modules/@babel/parser/lib/index.js:11733:14)
    at FlowParserMixin.parseParenAndDistinguishExpression (/home/hugorteixeira/AvisoVC/frontend/node_modules/@babel/parser/lib/index.js:3620:18)
    at FlowParserMixin.parseExprAtom (/home/hugorteixeira/AvisoVC/frontend/node_modules/@babel/parser/lib/index.js:11395:23)
    at FlowParserMixin.parseExprAtom (/home/hugorteixeira/AvisoVC/frontend/node_modules/@babel/parser/lib/index.js:4793:20)
    at FlowParserMixin.parseExprSubscripts (/home/hugorteixeira/AvisoVC/frontend/node_modules/@babel/parser/lib/index.js:11145:23)
    at FlowParserMixin.parseUpdate (/home/hugorteixeira/AvisoVC/frontend/node_modules/@babel/parser/lib/index.js:11130:21)
    at FlowParserMixin.parseMaybeUnary (/home/hugorteixeira/AvisoVC/frontend/node_modules/@babel/parser/lib/index.js:11110:23)
    at FlowParserMixin.parseMaybeUnaryOrPrivate (/home/hugorteixeira/AvisoVC/frontend/node_modules/@babel/parser/lib/index.js:10963:61)
    at FlowParserMixin.parseExprOps (/home/hugorteixeira/AvisoVC/frontend/node_modules/@babel/parser/lib/index.js:10968:23)
    at FlowParserMixin.parseMaybeConditional (/home/hugorteixeira/AvisoVC/frontend/node_modules/@babel/parser/lib/index.js:10945:23)
    at FlowParserMixin.parseMaybeAssign (/home/hugorteixeira/AvisoVC/frontend/node_modules/@babel/parser/lib/index.js:10895:21)
    at FlowParserMixin.parseMaybeAssign (/home/hugorteixeira/AvisoVC/frontend/node_modules/@babel/parser/lib/index.js:3578:18)
    at FlowParserMixin.parseExpressionBase (/home/hugorteixeira/AvisoVC/frontend/node_modules/@babel/parser/lib/index.js:10848:23)
    at /home/hugorteixeira/AvisoVC/frontend/node_modules/@babel/parser/lib/index.js:10844:39
    at FlowParserMixin.allowInAnd (/home/hugorteixeira/AvisoVC/frontend/node_modules/@babel/parser/lib/index.js:12495:16)
    at FlowParserMixin.parseExpression (/home/hugorteixeira/AvisoVC/frontend/node_modules/@babel/parser/lib/index.js:10844:17)
    at FlowParserMixin.parseReturnStatement (/home/hugorteixeira/AvisoVC/frontend/node_modules/@babel/parser/lib/index.js:13218:28)
    at FlowParserMixin.parseStatementContent (/home/hugorteixeira/AvisoVC/frontend/node_modules/@babel/parser/lib/index.js:12874:21)
    at FlowParserMixin.parseStatementLike (/home/hugorteixeira/AvisoVC/frontend/node_modules/@babel/parser/lib/index.js:12843:17)
    at FlowParserMixin.parseStatementLike (/home/hugorteixeira/AvisoVC/frontend/node_modules/@babel/parser/lib/index.js:2945:24)
    at FlowParserMixin.parseStatementListItem (/home/hugorteixeira/AvisoVC/frontend/node_modules/@babel/parser/lib/index.js:12823:17)
    at FlowParserMixin.parseBlockOrModuleBlockBody (/home/hugorteixeira/AvisoVC/frontend/node_modules/@babel/parser/lib/index.js:13392:61)
    at FlowParserMixin.parseBlockBody (/home/hugorteixeira/AvisoVC/frontend/node_modules/@babel/parser/lib/index.js:13385:10)
    at FlowParserMixin.parseBlock (/home/hugorteixeira/AvisoVC/frontend/node_modules/@babel/parser/lib/index.js:13373:10)
    at FlowParserMixin.parseStatementContent (/home/hugorteixeira/AvisoVC/frontend/node_modules/@babel/parser/lib/index.js:12934:21)
    at FlowParserMixin.parseStatementLike (/home/hugorteixeira/AvisoVC/frontend/node_modules/@babel/parser/lib/index.js:12843:17)
    at FlowParserMixin.parseStatementLike (/home/hugorteixeira/AvisoVC/frontend/node_modules/@babel/parser/lib/index.js:2945:24)
    at FlowParserMixin.parseStatementOrSloppyAnnexBFunctionDeclaration (/home/hugorteixeira/AvisoVC/frontend/node_modules/@babel/parser/lib/index.js:12833:17)
    at FlowParserMixin.parseIfStatement (/home/hugorteixeira/AvisoVC/frontend/node_modules/@babel/parser/lib/index.js:13206:28)
    at FlowParserMixin.parseStatementContent (/home/hugorteixeira/AvisoVC/frontend/node_modules/@babel/parser/lib/index.js:12872:21)
    at FlowParserMixin.parseStatementLike (/home/hugorteixeira/AvisoVC/frontend/node_modules/@babel/parser/lib/index.js:12843:17)
    at FlowParserMixin.parseStatementLike (/home/hugorteixeira/AvisoVC/frontend/node_modules/@babel/parser/lib/index.js:2945:24)
    at FlowParserMixin.parseStatementListItem (/home/hugorteixeira/AvisoVC/frontend/node_modules/@babel/parser/lib/index.js:12823:17)
    at FlowParserMixin.parseBlockOrModuleBlockBody (/home/hugorteixeira/AvisoVC/frontend/node_modules/@babel/parser/lib/index.js:13392:61)
    at FlowParserMixin.parseBlockBody (/home/hugorteixeira/AvisoVC/frontend/node_modules/@babel/parser/lib/index.js:13385:10)
    at FlowParserMixin.parseBlock (/home/hugorteixeira/AvisoVC/frontend/node_modules/@babel/parser/lib/index.js:13373:10)
    at FlowParserMixin.parseFunctionBody (/home/hugorteixeira/AvisoVC/frontend/node_modules/@babel/parser/lib/index.js:12174:24)
    at FlowParserMixin.parseFunctionBody (/home/hugorteixeira/AvisoVC/frontend/node_modules/@babel/parser/lib/index.js:2922:11)
    at FlowParserMixin.parseFunctionBodyAndFinish (/home/hugorteixeira/AvisoVC/frontend/node_modules/@babel/parser/lib/index.js:12160:10)
    at FlowParserMixin.parseFunctionBodyAndFinish (/home/hugorteixeira/AvisoVC/frontend/node_modules/@babel/parser/lib/index.js:2930:18)
    at /home/hugorteixeira/AvisoVC/frontend/node_modules/@babel/parser/lib/index.js:13521:12
    at FlowParserMixin.withSmartMixTopicForbiddingContext (/home/hugorteixeira/AvisoVC/frontend/node_modules/@babel/parser/lib/index.js:12477:14)
    at FlowParserMixin.parseFunction (/home/hugorteixeira/AvisoVC/frontend/node_modules/@babel/parser/lib/index.js:13520:10)
    at FlowParserMixin.parseExportDefaultExpression (/home/hugorteixeira/AvisoVC/frontend/node_modules/@babel/parser/lib/index.js:13983:19)
    at FlowParserMixin.parseExportDefaultExpression (/home/hugorteixeira/AvisoVC/frontend/node_modules/@babel/parser/lib/index.js:2993:18)
    at FlowParserMixin.parseExport (/home/hugorteixeira/AvisoVC/frontend/node_modules/@babel/parser/lib/index.js:13904:25)

ERROR in ./src/pages/TestSpeech.jsx 10:0-44
Module not found: Error: Can't resolve '../components/FastNav' in '/home/hugorteixeira/AvisoVC/frontend/src/pages'

ERROR in [eslint] 
src/pages/TestFacial.jsx
  Line 351:6:  Parsing error: Unexpected token, expected "," (351:6)

webpack compiled with 5 errors
Compiling...
Failed to compile.

[eslint] 
src/pages/TestFacial.jsx
Syntax error: Unexpected token, expected "," (351:6) (351:6)
ERROR in ./src/pages/TestArmLeft.jsx 7:0-44
Module not found: Error: Can't resolve '../components/FastNav' in '/home/hugorteixeira/AvisoVC/frontend/src/pages'

ERROR in ./src/pages/TestFacial.jsx
Module build failed (from ./node_modules/babel-loader/lib/index.js):
SyntaxError: /home/hugorteixeira/AvisoVC/frontend/src/pages/TestFacial.jsx: Unexpected token, expected "," (351:6)

  349 |       </div>
  350 |
> 351 |       {status === 'ready' && (
      |       ^
  352 |         <div className="card mt-3">
  353 |           <h3>Instruções</h3>
  354 |           <ul className="text-left">
    at constructor (/home/hugorteixeira/AvisoVC/frontend/node_modules/@babel/parser/lib/index.js:367:19)
    at FlowParserMixin.raise (/home/hugorteixeira/AvisoVC/frontend/node_modules/@babel/parser/lib/index.js:6624:19)
    at FlowParserMixin.unexpected (/home/hugorteixeira/AvisoVC/frontend/node_modules/@babel/parser/lib/index.js:6644:16)
    at FlowParserMixin.expect (/home/hugorteixeira/AvisoVC/frontend/node_modules/@babel/parser/lib/index.js:6924:12)
    at FlowParserMixin.parseParenAndDistinguishExpression (/home/hugorteixeira/AvisoVC/frontend/node_modules/@babel/parser/lib/index.js:11733:14)
    at FlowParserMixin.parseParenAndDistinguishExpression (/home/hugorteixeira/AvisoVC/frontend/node_modules/@babel/parser/lib/index.js:3620:18)
    at FlowParserMixin.parseExprAtom (/home/hugorteixeira/AvisoVC/frontend/node_modules/@babel/parser/lib/index.js:11395:23)
    at FlowParserMixin.parseExprAtom (/home/hugorteixeira/AvisoVC/frontend/node_modules/@babel/parser/lib/index.js:4793:20)
    at FlowParserMixin.parseExprSubscripts (/home/hugorteixeira/AvisoVC/frontend/node_modules/@babel/parser/lib/index.js:11145:23)
    at FlowParserMixin.parseUpdate (/home/hugorteixeira/AvisoVC/frontend/node_modules/@babel/parser/lib/index.js:11130:21)
    at FlowParserMixin.parseMaybeUnary (/home/hugorteixeira/AvisoVC/frontend/node_modules/@babel/parser/lib/index.js:11110:23)
    at FlowParserMixin.parseMaybeUnaryOrPrivate (/home/hugorteixeira/AvisoVC/frontend/node_modules/@babel/parser/lib/index.js:10963:61)
    at FlowParserMixin.parseExprOps (/home/hugorteixeira/AvisoVC/frontend/node_modules/@babel/parser/lib/index.js:10968:23)
    at FlowParserMixin.parseMaybeConditional (/home/hugorteixeira/AvisoVC/frontend/node_modules/@babel/parser/lib/index.js:10945:23)
    at FlowParserMixin.parseMaybeAssign (/home/hugorteixeira/AvisoVC/frontend/node_modules/@babel/parser/lib/index.js:10895:21)
    at FlowParserMixin.parseMaybeAssign (/home/hugorteixeira/AvisoVC/frontend/node_modules/@babel/parser/lib/index.js:3578:18)
    at FlowParserMixin.parseExpressionBase (/home/hugorteixeira/AvisoVC/frontend/node_modules/@babel/parser/lib/index.js:10848:23)
    at /home/hugorteixeira/AvisoVC/frontend/node_modules/@babel/parser/lib/index.js:10844:39
    at FlowParserMixin.allowInAnd (/home/hugorteixeira/AvisoVC/frontend/node_modules/@babel/parser/lib/index.js:12495:16)
    at FlowParserMixin.parseExpression (/home/hugorteixeira/AvisoVC/frontend/node_modules/@babel/parser/lib/index.js:10844:17)
    at FlowParserMixin.parseReturnStatement (/home/hugorteixeira/AvisoVC/frontend/node_modules/@babel/parser/lib/index.js:13218:28)
    at FlowParserMixin.parseStatementContent (/home/hugorteixeira/AvisoVC/frontend/node_modules/@babel/parser/lib/index.js:12874:21)
    at FlowParserMixin.parseStatementLike (/home/hugorteixeira/AvisoVC/frontend/node_modules/@babel/parser/lib/index.js:12843:17)
    at FlowParserMixin.parseStatementLike (/home/hugorteixeira/AvisoVC/frontend/node_modules/@babel/parser/lib/index.js:2945:24)
    at FlowParserMixin.parseStatementListItem (/home/hugorteixeira/AvisoVC/frontend/node_modules/@babel/parser/lib/index.js:12823:17)
    at FlowParserMixin.parseBlockOrModuleBlockBody (/home/hugorteixeira/AvisoVC/frontend/node_modules/@babel/parser/lib/index.js:13392:61)
    at FlowParserMixin.parseBlockBody (/home/hugorteixeira/AvisoVC/frontend/node_modules/@babel/parser/lib/index.js:13385:10)
    at FlowParserMixin.parseBlock (/home/hugorteixeira/AvisoVC/frontend/node_modules/@babel/parser/lib/index.js:13373:10)
    at FlowParserMixin.parseStatementContent (/home/hugorteixeira/AvisoVC/frontend/node_modules/@babel/parser/lib/index.js:12934:21)
    at FlowParserMixin.parseStatementLike (/home/hugorteixeira/AvisoVC/frontend/node_modules/@babel/parser/lib/index.js:12843:17)
    at FlowParserMixin.parseStatementLike (/home/hugorteixeira/AvisoVC/frontend/node_modules/@babel/parser/lib/index.js:2945:24)
    at FlowParserMixin.parseStatementOrSloppyAnnexBFunctionDeclaration (/home/hugorteixeira/AvisoVC/frontend/node_modules/@babel/parser/lib/index.js:12833:17)
    at FlowParserMixin.parseIfStatement (/home/hugorteixeira/AvisoVC/frontend/node_modules/@babel/parser/lib/index.js:13206:28)
    at FlowParserMixin.parseStatementContent (/home/hugorteixeira/AvisoVC/frontend/node_modules/@babel/parser/lib/index.js:12872:21)
    at FlowParserMixin.parseStatementLike (/home/hugorteixeira/AvisoVC/frontend/node_modules/@babel/parser/lib/index.js:12843:17)
    at FlowParserMixin.parseStatementLike (/home/hugorteixeira/AvisoVC/frontend/node_modules/@babel/parser/lib/index.js:2945:24)
    at FlowParserMixin.parseStatementListItem (/home/hugorteixeira/AvisoVC/frontend/node_modules/@babel/parser/lib/index.js:12823:17)
    at FlowParserMixin.parseBlockOrModuleBlockBody (/home/hugorteixeira/AvisoVC/frontend/node_modules/@babel/parser/lib/index.js:13392:61)
    at FlowParserMixin.parseBlockBody (/home/hugorteixeira/AvisoVC/frontend/node_modules/@babel/parser/lib/index.js:13385:10)
    at FlowParserMixin.parseBlock (/home/hugorteixeira/AvisoVC/frontend/node_modules/@babel/parser/lib/index.js:13373:10)
    at FlowParserMixin.parseFunctionBody (/home/hugorteixeira/AvisoVC/frontend/node_modules/@babel/parser/lib/index.js:12174:24)
    at FlowParserMixin.parseFunctionBody (/home/hugorteixeira/AvisoVC/frontend/node_modules/@babel/parser/lib/index.js:2922:11)
    at FlowParserMixin.parseFunctionBodyAndFinish (/home/hugorteixeira/AvisoVC/frontend/node_modules/@babel/parser/lib/index.js:12160:10)
    at FlowParserMixin.parseFunctionBodyAndFinish (/home/hugorteixeira/AvisoVC/frontend/node_modules/@babel/parser/lib/index.js:2930:18)
    at /home/hugorteixeira/AvisoVC/frontend/node_modules/@babel/parser/lib/index.js:13521:12
    at FlowParserMixin.withSmartMixTopicForbiddingContext (/home/hugorteixeira/AvisoVC/frontend/node_modules/@babel/parser/lib/index.js:12477:14)
    at FlowParserMixin.parseFunction (/home/hugorteixeira/AvisoVC/frontend/node_modules/@babel/parser/lib/index.js:13520:10)
    at FlowParserMixin.parseExportDefaultExpression (/home/hugorteixeira/AvisoVC/frontend/node_modules/@babel/parser/lib/index.js:13983:19)
    at FlowParserMixin.parseExportDefaultExpression (/home/hugorteixeira/AvisoVC/frontend/node_modules/@babel/parser/lib/index.js:2993:18)
    at FlowParserMixin.parseExport (/home/hugorteixeira/AvisoVC/frontend/node_modules/@babel/parser/lib/index.js:13904:25)

ERROR in ./src/pages/TestSpeech.jsx 10:0-44
Module not found: Error: Can't resolve '../components/FastNav' in '/home/hugorteixeira/AvisoVC/frontend/src/pages'

ERROR in [eslint] 
src/pages/TestFacial.jsx
  Line 351:6:  Parsing error: Unexpected token, expected "," (351:6)

webpack compiled with 4 errors
Compiling...
Failed to compile.

[eslint] 
src/pages/TestFacial.jsx
Syntax error: Unexpected token, expected "," (351:6) (351:6)
ERROR in ./src/pages/TestFacial.jsx
Module build failed (from ./node_modules/babel-loader/lib/index.js):
SyntaxError: /home/hugorteixeira/AvisoVC/frontend/src/pages/TestFacial.jsx: Unexpected token, expected "," (351:6)

  349 |       </div>
  350 |
> 351 |       {status === 'ready' && (
      |       ^
  352 |         <div className="card mt-3">
  353 |           <h3>Instruções</h3>
  354 |           <ul className="text-left">
    at constructor (/home/hugorteixeira/AvisoVC/frontend/node_modules/@babel/parser/lib/index.js:367:19)
    at FlowParserMixin.raise (/home/hugorteixeira/AvisoVC/frontend/node_modules/@babel/parser/lib/index.js:6624:19)
    at FlowParserMixin.unexpected (/home/hugorteixeira/AvisoVC/frontend/node_modules/@babel/parser/lib/index.js:6644:16)
    at FlowParserMixin.expect (/home/hugorteixeira/AvisoVC/frontend/node_modules/@babel/parser/lib/index.js:6924:12)
    at FlowParserMixin.parseParenAndDistinguishExpression (/home/hugorteixeira/AvisoVC/frontend/node_modules/@babel/parser/lib/index.js:11733:14)
    at FlowParserMixin.parseParenAndDistinguishExpression (/home/hugorteixeira/AvisoVC/frontend/node_modules/@babel/parser/lib/index.js:3620:18)
    at FlowParserMixin.parseExprAtom (/home/hugorteixeira/AvisoVC/frontend/node_modules/@babel/parser/lib/index.js:11395:23)
    at FlowParserMixin.parseExprAtom (/home/hugorteixeira/AvisoVC/frontend/node_modules/@babel/parser/lib/index.js:4793:20)
    at FlowParserMixin.parseExprSubscripts (/home/hugorteixeira/AvisoVC/frontend/node_modules/@babel/parser/lib/index.js:11145:23)
    at FlowParserMixin.parseUpdate (/home/hugorteixeira/AvisoVC/frontend/node_modules/@babel/parser/lib/index.js:11130:21)
    at FlowParserMixin.parseMaybeUnary (/home/hugorteixeira/AvisoVC/frontend/node_modules/@babel/parser/lib/index.js:11110:23)
    at FlowParserMixin.parseMaybeUnaryOrPrivate (/home/hugorteixeira/AvisoVC/frontend/node_modules/@babel/parser/lib/index.js:10963:61)
    at FlowParserMixin.parseExprOps (/home/hugorteixeira/AvisoVC/frontend/node_modules/@babel/parser/lib/index.js:10968:23)
    at FlowParserMixin.parseMaybeConditional (/home/hugorteixeira/AvisoVC/frontend/node_modules/@babel/parser/lib/index.js:10945:23)
    at FlowParserMixin.parseMaybeAssign (/home/hugorteixeira/AvisoVC/frontend/node_modules/@babel/parser/lib/index.js:10895:21)
    at FlowParserMixin.parseMaybeAssign (/home/hugorteixeira/AvisoVC/frontend/node_modules/@babel/parser/lib/index.js:3578:18)
    at FlowParserMixin.parseExpressionBase (/home/hugorteixeira/AvisoVC/frontend/node_modules/@babel/parser/lib/index.js:10848:23)
    at /home/hugorteixeira/AvisoVC/frontend/node_modules/@babel/parser/lib/index.js:10844:39
    at FlowParserMixin.allowInAnd (/home/hugorteixeira/AvisoVC/frontend/node_modules/@babel/parser/lib/index.js:12495:16)
    at FlowParserMixin.parseExpression (/home/hugorteixeira/AvisoVC/frontend/node_modules/@babel/parser/lib/index.js:10844:17)
    at FlowParserMixin.parseReturnStatement (/home/hugorteixeira/AvisoVC/frontend/node_modules/@babel/parser/lib/index.js:13218:28)
    at FlowParserMixin.parseStatementContent (/home/hugorteixeira/AvisoVC/frontend/node_modules/@babel/parser/lib/index.js:12874:21)
    at FlowParserMixin.parseStatementLike (/home/hugorteixeira/AvisoVC/frontend/node_modules/@babel/parser/lib/index.js:12843:17)
    at FlowParserMixin.parseStatementLike (/home/hugorteixeira/AvisoVC/frontend/node_modules/@babel/parser/lib/index.js:2945:24)
    at FlowParserMixin.parseStatementListItem (/home/hugorteixeira/AvisoVC/frontend/node_modules/@babel/parser/lib/index.js:12823:17)
    at FlowParserMixin.parseBlockOrModuleBlockBody (/home/hugorteixeira/AvisoVC/frontend/node_modules/@babel/parser/lib/index.js:13392:61)
    at FlowParserMixin.parseBlockBody (/home/hugorteixeira/AvisoVC/frontend/node_modules/@babel/parser/lib/index.js:13385:10)
    at FlowParserMixin.parseBlock (/home/hugorteixeira/AvisoVC/frontend/node_modules/@babel/parser/lib/index.js:13373:10)
    at FlowParserMixin.parseStatementContent (/home/hugorteixeira/AvisoVC/frontend/node_modules/@babel/parser/lib/index.js:12934:21)
    at FlowParserMixin.parseStatementLike (/home/hugorteixeira/AvisoVC/frontend/node_modules/@babel/parser/lib/index.js:12843:17)
    at FlowParserMixin.parseStatementLike (/home/hugorteixeira/AvisoVC/frontend/node_modules/@babel/parser/lib/index.js:2945:24)
    at FlowParserMixin.parseStatementOrSloppyAnnexBFunctionDeclaration (/home/hugorteixeira/AvisoVC/frontend/node_modules/@babel/parser/lib/index.js:12833:17)
    at FlowParserMixin.parseIfStatement (/home/hugorteixeira/AvisoVC/frontend/node_modules/@babel/parser/lib/index.js:13206:28)
    at FlowParserMixin.parseStatementContent (/home/hugorteixeira/AvisoVC/frontend/node_modules/@babel/parser/lib/index.js:12872:21)
    at FlowParserMixin.parseStatementLike (/home/hugorteixeira/AvisoVC/frontend/node_modules/@babel/parser/lib/index.js:12843:17)
    at FlowParserMixin.parseStatementLike (/home/hugorteixeira/AvisoVC/frontend/node_modules/@babel/parser/lib/index.js:2945:24)
    at FlowParserMixin.parseStatementListItem (/home/hugorteixeira/AvisoVC/frontend/node_modules/@babel/parser/lib/index.js:12823:17)
    at FlowParserMixin.parseBlockOrModuleBlockBody (/home/hugorteixeira/AvisoVC/frontend/node_modules/@babel/parser/lib/index.js:13392:61)
    at FlowParserMixin.parseBlockBody (/home/hugorteixeira/AvisoVC/frontend/node_modules/@babel/parser/lib/index.js:13385:10)
    at FlowParserMixin.parseBlock (/home/hugorteixeira/AvisoVC/frontend/node_modules/@babel/parser/lib/index.js:13373:10)
    at FlowParserMixin.parseFunctionBody (/home/hugorteixeira/AvisoVC/frontend/node_modules/@babel/parser/lib/index.js:12174:24)
    at FlowParserMixin.parseFunctionBody (/home/hugorteixeira/AvisoVC/frontend/node_modules/@babel/parser/lib/index.js:2922:11)
    at FlowParserMixin.parseFunctionBodyAndFinish (/home/hugorteixeira/AvisoVC/frontend/node_modules/@babel/parser/lib/index.js:12160:10)
    at FlowParserMixin.parseFunctionBodyAndFinish (/home/hugorteixeira/AvisoVC/frontend/node_modules/@babel/parser/lib/index.js:2930:18)
    at /home/hugorteixeira/AvisoVC/frontend/node_modules/@babel/parser/lib/index.js:13521:12
    at FlowParserMixin.withSmartMixTopicForbiddingContext (/home/hugorteixeira/AvisoVC/frontend/node_modules/@babel/parser/lib/index.js:12477:14)
    at FlowParserMixin.parseFunction (/home/hugorteixeira/AvisoVC/frontend/node_modules/@babel/parser/lib/index.js:13520:10)
    at FlowParserMixin.parseExportDefaultExpression (/home/hugorteixeira/AvisoVC/frontend/node_modules/@babel/parser/lib/index.js:13983:19)
    at FlowParserMixin.parseExportDefaultExpression (/home/hugorteixeira/AvisoVC/frontend/node_modules/@babel/parser/lib/index.js:2993:18)
    at FlowParserMixin.parseExport (/home/hugorteixeira/AvisoVC/frontend/node_modules/@babel/parser/lib/index.js:13904:25)

ERROR in ./src/pages/TestSpeech.jsx 10:0-44
Module not found: Error: Can't resolve '../components/FastNav' in '/home/hugorteixeira/AvisoVC/frontend/src/pages'

ERROR in [eslint] 
src/pages/TestFacial.jsx
  Line 351:6:  Parsing error: Unexpected token, expected "," (351:6)

webpack compiled with 3 errors
Compiling...
Failed to compile.

[eslint] 
src/pages/TestFacial.jsx
Syntax error: Unexpected token, expected "," (351:6) (351:6)
ERROR in ./src/pages/TestFacial.jsx
Module build failed (from ./node_modules/babel-loader/lib/index.js):
SyntaxError: /home/hugorteixeira/AvisoVC/frontend/src/pages/TestFacial.jsx: Unexpected token, expected "," (351:6)

  349 |       </div>
  350 |
> 351 |       {status === 'ready' && (
      |       ^
  352 |         <div className="card mt-3">
  353 |           <h3>Instruções</h3>
  354 |           <ul className="text-left">
    at constructor (/home/hugorteixeira/AvisoVC/frontend/node_modules/@babel/parser/lib/index.js:367:19)
    at FlowParserMixin.raise (/home/hugorteixeira/AvisoVC/frontend/node_modules/@babel/parser/lib/index.js:6624:19)
    at FlowParserMixin.unexpected (/home/hugorteixeira/AvisoVC/frontend/node_modules/@babel/parser/lib/index.js:6644:16)
    at FlowParserMixin.expect (/home/hugorteixeira/AvisoVC/frontend/node_modules/@babel/parser/lib/index.js:6924:12)
    at FlowParserMixin.parseParenAndDistinguishExpression (/home/hugorteixeira/AvisoVC/frontend/node_modules/@babel/parser/lib/index.js:11733:14)
    at FlowParserMixin.parseParenAndDistinguishExpression (/home/hugorteixeira/AvisoVC/frontend/node_modules/@babel/parser/lib/index.js:3620:18)
    at FlowParserMixin.parseExprAtom (/home/hugorteixeira/AvisoVC/frontend/node_modules/@babel/parser/lib/index.js:11395:23)
    at FlowParserMixin.parseExprAtom (/home/hugorteixeira/AvisoVC/frontend/node_modules/@babel/parser/lib/index.js:4793:20)
    at FlowParserMixin.parseExprSubscripts (/home/hugorteixeira/AvisoVC/frontend/node_modules/@babel/parser/lib/index.js:11145:23)
    at FlowParserMixin.parseUpdate (/home/hugorteixeira/AvisoVC/frontend/node_modules/@babel/parser/lib/index.js:11130:21)
    at FlowParserMixin.parseMaybeUnary (/home/hugorteixeira/AvisoVC/frontend/node_modules/@babel/parser/lib/index.js:11110:23)
    at FlowParserMixin.parseMaybeUnaryOrPrivate (/home/hugorteixeira/AvisoVC/frontend/node_modules/@babel/parser/lib/index.js:10963:61)
    at FlowParserMixin.parseExprOps (/home/hugorteixeira/AvisoVC/frontend/node_modules/@babel/parser/lib/index.js:10968:23)
    at FlowParserMixin.parseMaybeConditional (/home/hugorteixeira/AvisoVC/frontend/node_modules/@babel/parser/lib/index.js:10945:23)
    at FlowParserMixin.parseMaybeAssign (/home/hugorteixeira/AvisoVC/frontend/node_modules/@babel/parser/lib/index.js:10895:21)
    at FlowParserMixin.parseMaybeAssign (/home/hugorteixeira/AvisoVC/frontend/node_modules/@babel/parser/lib/index.js:3578:18)
    at FlowParserMixin.parseExpressionBase (/home/hugorteixeira/AvisoVC/frontend/node_modules/@babel/parser/lib/index.js:10848:23)
    at /home/hugorteixeira/AvisoVC/frontend/node_modules/@babel/parser/lib/index.js:10844:39
    at FlowParserMixin.allowInAnd (/home/hugorteixeira/AvisoVC/frontend/node_modules/@babel/parser/lib/index.js:12495:16)
    at FlowParserMixin.parseExpression (/home/hugorteixeira/AvisoVC/frontend/node_modules/@babel/parser/lib/index.js:10844:17)
    at FlowParserMixin.parseReturnStatement (/home/hugorteixeira/AvisoVC/frontend/node_modules/@babel/parser/lib/index.js:13218:28)
    at FlowParserMixin.parseStatementContent (/home/hugorteixeira/AvisoVC/frontend/node_modules/@babel/parser/lib/index.js:12874:21)
    at FlowParserMixin.parseStatementLike (/home/hugorteixeira/AvisoVC/frontend/node_modules/@babel/parser/lib/index.js:12843:17)
    at FlowParserMixin.parseStatementLike (/home/hugorteixeira/AvisoVC/frontend/node_modules/@babel/parser/lib/index.js:2945:24)
    at FlowParserMixin.parseStatementListItem (/home/hugorteixeira/AvisoVC/frontend/node_modules/@babel/parser/lib/index.js:12823:17)
    at FlowParserMixin.parseBlockOrModuleBlockBody (/home/hugorteixeira/AvisoVC/frontend/node_modules/@babel/parser/lib/index.js:13392:61)
    at FlowParserMixin.parseBlockBody (/home/hugorteixeira/AvisoVC/frontend/node_modules/@babel/parser/lib/index.js:13385:10)
    at FlowParserMixin.parseBlock (/home/hugorteixeira/AvisoVC/frontend/node_modules/@babel/parser/lib/index.js:13373:10)
    at FlowParserMixin.parseStatementContent (/home/hugorteixeira/AvisoVC/frontend/node_modules/@babel/parser/lib/index.js:12934:21)
    at FlowParserMixin.parseStatementLike (/home/hugorteixeira/AvisoVC/frontend/node_modules/@babel/parser/lib/index.js:12843:17)
    at FlowParserMixin.parseStatementLike (/home/hugorteixeira/AvisoVC/frontend/node_modules/@babel/parser/lib/index.js:2945:24)
    at FlowParserMixin.parseStatementOrSloppyAnnexBFunctionDeclaration (/home/hugorteixeira/AvisoVC/frontend/node_modules/@babel/parser/lib/index.js:12833:17)
    at FlowParserMixin.parseIfStatement (/home/hugorteixeira/AvisoVC/frontend/node_modules/@babel/parser/lib/index.js:13206:28)
    at FlowParserMixin.parseStatementContent (/home/hugorteixeira/AvisoVC/frontend/node_modules/@babel/parser/lib/index.js:12872:21)
    at FlowParserMixin.parseStatementLike (/home/hugorteixeira/AvisoVC/frontend/node_modules/@babel/parser/lib/index.js:12843:17)
    at FlowParserMixin.parseStatementLike (/home/hugorteixeira/AvisoVC/frontend/node_modules/@babel/parser/lib/index.js:2945:24)
    at FlowParserMixin.parseStatementListItem (/home/hugorteixeira/AvisoVC/frontend/node_modules/@babel/parser/lib/index.js:12823:17)
    at FlowParserMixin.parseBlockOrModuleBlockBody (/home/hugorteixeira/AvisoVC/frontend/node_modules/@babel/parser/lib/index.js:13392:61)
    at FlowParserMixin.parseBlockBody (/home/hugorteixeira/AvisoVC/frontend/node_modules/@babel/parser/lib/index.js:13385:10)
    at FlowParserMixin.parseBlock (/home/hugorteixeira/AvisoVC/frontend/node_modules/@babel/parser/lib/index.js:13373:10)
    at FlowParserMixin.parseFunctionBody (/home/hugorteixeira/AvisoVC/frontend/node_modules/@babel/parser/lib/index.js:12174:24)
    at FlowParserMixin.parseFunctionBody (/home/hugorteixeira/AvisoVC/frontend/node_modules/@babel/parser/lib/index.js:2922:11)
    at FlowParserMixin.parseFunctionBodyAndFinish (/home/hugorteixeira/AvisoVC/frontend/node_modules/@babel/parser/lib/index.js:12160:10)
    at FlowParserMixin.parseFunctionBodyAndFinish (/home/hugorteixeira/AvisoVC/frontend/node_modules/@babel/parser/lib/index.js:2930:18)
    at /home/hugorteixeira/AvisoVC/frontend/node_modules/@babel/parser/lib/index.js:13521:12
    at FlowParserMixin.withSmartMixTopicForbiddingContext (/home/hugorteixeira/AvisoVC/frontend/node_modules/@babel/parser/lib/index.js:12477:14)
    at FlowParserMixin.parseFunction (/home/hugorteixeira/AvisoVC/frontend/node_modules/@babel/parser/lib/index.js:13520:10)
    at FlowParserMixin.parseExportDefaultExpression (/home/hugorteixeira/AvisoVC/frontend/node_modules/@babel/parser/lib/index.js:13983:19)
    at FlowParserMixin.parseExportDefaultExpression (/home/hugorteixeira/AvisoVC/frontend/node_modules/@babel/parser/lib/index.js:2993:18)
    at FlowParserMixin.parseExport (/home/hugorteixeira/AvisoVC/frontend/node_modules/@babel/parser/lib/index.js:13904:25)

ERROR in [eslint] 
src/pages/TestFacial.jsx
  Line 351:6:  Parsing error: Unexpected token, expected "," (351:6)

webpack compiled with 2 errors
Compiling...
Failed to compile.

[eslint] 
src/pages/TestFacial.jsx
Syntax error: Unexpected token, expected "," (351:6) (351:6)
ERROR in ./src/pages/TestFacial.jsx
Module build failed (from ./node_modules/babel-loader/lib/index.js):
SyntaxError: /home/hugorteixeira/AvisoVC/frontend/src/pages/TestFacial.jsx: Unexpected token, expected "," (351:6)

  349 |       </div>
  350 |
> 351 |       {status === 'ready' && (
      |       ^
  352 |         <div className="card mt-3">
  353 |           <h3>Instruções</h3>
  354 |           <ul className="text-left">
    at constructor (/home/hugorteixeira/AvisoVC/frontend/node_modules/@babel/parser/lib/index.js:367:19)
    at FlowParserMixin.raise (/home/hugorteixeira/AvisoVC/frontend/node_modules/@babel/parser/lib/index.js:6624:19)
    at FlowParserMixin.unexpected (/home/hugorteixeira/AvisoVC/frontend/node_modules/@babel/parser/lib/index.js:6644:16)
    at FlowParserMixin.expect (/home/hugorteixeira/AvisoVC/frontend/node_modules/@babel/parser/lib/index.js:6924:12)
    at FlowParserMixin.parseParenAndDistinguishExpression (/home/hugorteixeira/AvisoVC/frontend/node_modules/@babel/parser/lib/index.js:11733:14)
    at FlowParserMixin.parseParenAndDistinguishExpression (/home/hugorteixeira/AvisoVC/frontend/node_modules/@babel/parser/lib/index.js:3620:18)
    at FlowParserMixin.parseExprAtom (/home/hugorteixeira/AvisoVC/frontend/node_modules/@babel/parser/lib/index.js:11395:23)
    at FlowParserMixin.parseExprAtom (/home/hugorteixeira/AvisoVC/frontend/node_modules/@babel/parser/lib/index.js:4793:20)
    at FlowParserMixin.parseExprSubscripts (/home/hugorteixeira/AvisoVC/frontend/node_modules/@babel/parser/lib/index.js:11145:23)
    at FlowParserMixin.parseUpdate (/home/hugorteixeira/AvisoVC/frontend/node_modules/@babel/parser/lib/index.js:11130:21)
    at FlowParserMixin.parseMaybeUnary (/home/hugorteixeira/AvisoVC/frontend/node_modules/@babel/parser/lib/index.js:11110:23)
    at FlowParserMixin.parseMaybeUnaryOrPrivate (/home/hugorteixeira/AvisoVC/frontend/node_modules/@babel/parser/lib/index.js:10963:61)
    at FlowParserMixin.parseExprOps (/home/hugorteixeira/AvisoVC/frontend/node_modules/@babel/parser/lib/index.js:10968:23)
    at FlowParserMixin.parseMaybeConditional (/home/hugorteixeira/AvisoVC/frontend/node_modules/@babel/parser/lib/index.js:10945:23)
    at FlowParserMixin.parseMaybeAssign (/home/hugorteixeira/AvisoVC/frontend/node_modules/@babel/parser/lib/index.js:10895:21)
    at FlowParserMixin.parseMaybeAssign (/home/hugorteixeira/AvisoVC/frontend/node_modules/@babel/parser/lib/index.js:3578:18)
    at FlowParserMixin.parseExpressionBase (/home/hugorteixeira/AvisoVC/frontend/node_modules/@babel/parser/lib/index.js:10848:23)
    at /home/hugorteixeira/AvisoVC/frontend/node_modules/@babel/parser/lib/index.js:10844:39
    at FlowParserMixin.allowInAnd (/home/hugorteixeira/AvisoVC/frontend/node_modules/@babel/parser/lib/index.js:12495:16)
    at FlowParserMixin.parseExpression (/home/hugorteixeira/AvisoVC/frontend/node_modules/@babel/parser/lib/index.js:10844:17)
    at FlowParserMixin.parseReturnStatement (/home/hugorteixeira/AvisoVC/frontend/node_modules/@babel/parser/lib/index.js:13218:28)
    at FlowParserMixin.parseStatementContent (/home/hugorteixeira/AvisoVC/frontend/node_modules/@babel/parser/lib/index.js:12874:21)
    at FlowParserMixin.parseStatementLike (/home/hugorteixeira/AvisoVC/frontend/node_modules/@babel/parser/lib/index.js:12843:17)
    at FlowParserMixin.parseStatementLike (/home/hugorteixeira/AvisoVC/frontend/node_modules/@babel/parser/lib/index.js:2945:24)
    at FlowParserMixin.parseStatementListItem (/home/hugorteixeira/AvisoVC/frontend/node_modules/@babel/parser/lib/index.js:12823:17)
    at FlowParserMixin.parseBlockOrModuleBlockBody (/home/hugorteixeira/AvisoVC/frontend/node_modules/@babel/parser/lib/index.js:13392:61)
    at FlowParserMixin.parseBlockBody (/home/hugorteixeira/AvisoVC/frontend/node_modules/@babel/parser/lib/index.js:13385:10)
    at FlowParserMixin.parseBlock (/home/hugorteixeira/AvisoVC/frontend/node_modules/@babel/parser/lib/index.js:13373:10)
    at FlowParserMixin.parseStatementContent (/home/hugorteixeira/AvisoVC/frontend/node_modules/@babel/parser/lib/index.js:12934:21)
    at FlowParserMixin.parseStatementLike (/home/hugorteixeira/AvisoVC/frontend/node_modules/@babel/parser/lib/index.js:12843:17)
    at FlowParserMixin.parseStatementLike (/home/hugorteixeira/AvisoVC/frontend/node_modules/@babel/parser/lib/index.js:2945:24)
    at FlowParserMixin.parseStatementOrSloppyAnnexBFunctionDeclaration (/home/hugorteixeira/AvisoVC/frontend/node_modules/@babel/parser/lib/index.js:12833:17)
    at FlowParserMixin.parseIfStatement (/home/hugorteixeira/AvisoVC/frontend/node_modules/@babel/parser/lib/index.js:13206:28)
    at FlowParserMixin.parseStatementContent (/home/hugorteixeira/AvisoVC/frontend/node_modules/@babel/parser/lib/index.js:12872:21)
    at FlowParserMixin.parseStatementLike (/home/hugorteixeira/AvisoVC/frontend/node_modules/@babel/parser/lib/index.js:12843:17)
    at FlowParserMixin.parseStatementLike (/home/hugorteixeira/AvisoVC/frontend/node_modules/@babel/parser/lib/index.js:2945:24)
    at FlowParserMixin.parseStatementListItem (/home/hugorteixeira/AvisoVC/frontend/node_modules/@babel/parser/lib/index.js:12823:17)
    at FlowParserMixin.parseBlockOrModuleBlockBody (/home/hugorteixeira/AvisoVC/frontend/node_modules/@babel/parser/lib/index.js:13392:61)
    at FlowParserMixin.parseBlockBody (/home/hugorteixeira/AvisoVC/frontend/node_modules/@babel/parser/lib/index.js:13385:10)
    at FlowParserMixin.parseBlock (/home/hugorteixeira/AvisoVC/frontend/node_modules/@babel/parser/lib/index.js:13373:10)
    at FlowParserMixin.parseFunctionBody (/home/hugorteixeira/AvisoVC/frontend/node_modules/@babel/parser/lib/index.js:12174:24)
    at FlowParserMixin.parseFunctionBody (/home/hugorteixeira/AvisoVC/frontend/node_modules/@babel/parser/lib/index.js:2922:11)
    at FlowParserMixin.parseFunctionBodyAndFinish (/home/hugorteixeira/AvisoVC/frontend/node_modules/@babel/parser/lib/index.js:12160:10)
    at FlowParserMixin.parseFunctionBodyAndFinish (/home/hugorteixeira/AvisoVC/frontend/node_modules/@babel/parser/lib/index.js:2930:18)
    at /home/hugorteixeira/AvisoVC/frontend/node_modules/@babel/parser/lib/index.js:13521:12
    at FlowParserMixin.withSmartMixTopicForbiddingContext (/home/hugorteixeira/AvisoVC/frontend/node_modules/@babel/parser/lib/index.js:12477:14)
    at FlowParserMixin.parseFunction (/home/hugorteixeira/AvisoVC/frontend/node_modules/@babel/parser/lib/index.js:13520:10)
    at FlowParserMixin.parseExportDefaultExpression (/home/hugorteixeira/AvisoVC/frontend/node_modules/@babel/parser/lib/index.js:13983:19)
    at FlowParserMixin.parseExportDefaultExpression (/home/hugorteixeira/AvisoVC/frontend/node_modules/@babel/parser/lib/index.js:2993:18)
    at FlowParserMixin.parseExport (/home/hugorteixeira/AvisoVC/frontend/node_modules/@babel/parser/lib/index.js:13904:25)

ERROR in [eslint] 
src/pages/TestFacial.jsx
  Line 351:6:  Parsing error: Unexpected token, expected "," (351:6)

webpack compiled with 2 errors
Compiling...
Failed to compile.

[eslint] 
src/pages/TestFacial.jsx
Syntax error: Unexpected token, expected "," (351:6) (351:6)
ERROR in ./src/pages/TestFacial.jsx
Module build failed (from ./node_modules/babel-loader/lib/index.js):
SyntaxError: /home/hugorteixeira/AvisoVC/frontend/src/pages/TestFacial.jsx: Unexpected token, expected "," (351:6)

  349 |       </div>
  350 |
> 351 |       {status === 'ready' && (
      |       ^
  352 |         <div className="card mt-3">
  353 |           <h3>Instruções</h3>
  354 |           <ul className="text-left">
    at constructor (/home/hugorteixeira/AvisoVC/frontend/node_modules/@babel/parser/lib/index.js:367:19)
    at FlowParserMixin.raise (/home/hugorteixeira/AvisoVC/frontend/node_modules/@babel/parser/lib/index.js:6624:19)
    at FlowParserMixin.unexpected (/home/hugorteixeira/AvisoVC/frontend/node_modules/@babel/parser/lib/index.js:6644:16)
    at FlowParserMixin.expect (/home/hugorteixeira/AvisoVC/frontend/node_modules/@babel/parser/lib/index.js:6924:12)
    at FlowParserMixin.parseParenAndDistinguishExpression (/home/hugorteixeira/AvisoVC/frontend/node_modules/@babel/parser/lib/index.js:11733:14)
    at FlowParserMixin.parseParenAndDistinguishExpression (/home/hugorteixeira/AvisoVC/frontend/node_modules/@babel/parser/lib/index.js:3620:18)
    at FlowParserMixin.parseExprAtom (/home/hugorteixeira/AvisoVC/frontend/node_modules/@babel/parser/lib/index.js:11395:23)
    at FlowParserMixin.parseExprAtom (/home/hugorteixeira/AvisoVC/frontend/node_modules/@babel/parser/lib/index.js:4793:20)
    at FlowParserMixin.parseExprSubscripts (/home/hugorteixeira/AvisoVC/frontend/node_modules/@babel/parser/lib/index.js:11145:23)
    at FlowParserMixin.parseUpdate (/home/hugorteixeira/AvisoVC/frontend/node_modules/@babel/parser/lib/index.js:11130:21)
    at FlowParserMixin.parseMaybeUnary (/home/hugorteixeira/AvisoVC/frontend/node_modules/@babel/parser/lib/index.js:11110:23)
    at FlowParserMixin.parseMaybeUnaryOrPrivate (/home/hugorteixeira/AvisoVC/frontend/node_modules/@babel/parser/lib/index.js:10963:61)
    at FlowParserMixin.parseExprOps (/home/hugorteixeira/AvisoVC/frontend/node_modules/@babel/parser/lib/index.js:10968:23)
    at FlowParserMixin.parseMaybeConditional (/home/hugorteixeira/AvisoVC/frontend/node_modules/@babel/parser/lib/index.js:10945:23)
    at FlowParserMixin.parseMaybeAssign (/home/hugorteixeira/AvisoVC/frontend/node_modules/@babel/parser/lib/index.js:10895:21)
    at FlowParserMixin.parseMaybeAssign (/home/hugorteixeira/AvisoVC/frontend/node_modules/@babel/parser/lib/index.js:3578:18)
    at FlowParserMixin.parseExpressionBase (/home/hugorteixeira/AvisoVC/frontend/node_modules/@babel/parser/lib/index.js:10848:23)
    at /home/hugorteixeira/AvisoVC/frontend/node_modules/@babel/parser/lib/index.js:10844:39
    at FlowParserMixin.allowInAnd (/home/hugorteixeira/AvisoVC/frontend/node_modules/@babel/parser/lib/index.js:12495:16)
    at FlowParserMixin.parseExpression (/home/hugorteixeira/AvisoVC/frontend/node_modules/@babel/parser/lib/index.js:10844:17)
    at FlowParserMixin.parseReturnStatement (/home/hugorteixeira/AvisoVC/frontend/node_modules/@babel/parser/lib/index.js:13218:28)
    at FlowParserMixin.parseStatementContent (/home/hugorteixeira/AvisoVC/frontend/node_modules/@babel/parser/lib/index.js:12874:21)
    at FlowParserMixin.parseStatementLike (/home/hugorteixeira/AvisoVC/frontend/node_modules/@babel/parser/lib/index.js:12843:17)
    at FlowParserMixin.parseStatementLike (/home/hugorteixeira/AvisoVC/frontend/node_modules/@babel/parser/lib/index.js:2945:24)
    at FlowParserMixin.parseStatementListItem (/home/hugorteixeira/AvisoVC/frontend/node_modules/@babel/parser/lib/index.js:12823:17)
    at FlowParserMixin.parseBlockOrModuleBlockBody (/home/hugorteixeira/AvisoVC/frontend/node_modules/@babel/parser/lib/index.js:13392:61)
    at FlowParserMixin.parseBlockBody (/home/hugorteixeira/AvisoVC/frontend/node_modules/@babel/parser/lib/index.js:13385:10)
    at FlowParserMixin.parseBlock (/home/hugorteixeira/AvisoVC/frontend/node_modules/@babel/parser/lib/index.js:13373:10)
    at FlowParserMixin.parseStatementContent (/home/hugorteixeira/AvisoVC/frontend/node_modules/@babel/parser/lib/index.js:12934:21)
    at FlowParserMixin.parseStatementLike (/home/hugorteixeira/AvisoVC/frontend/node_modules/@babel/parser/lib/index.js:12843:17)
    at FlowParserMixin.parseStatementLike (/home/hugorteixeira/AvisoVC/frontend/node_modules/@babel/parser/lib/index.js:2945:24)
    at FlowParserMixin.parseStatementOrSloppyAnnexBFunctionDeclaration (/home/hugorteixeira/AvisoVC/frontend/node_modules/@babel/parser/lib/index.js:12833:17)
    at FlowParserMixin.parseIfStatement (/home/hugorteixeira/AvisoVC/frontend/node_modules/@babel/parser/lib/index.js:13206:28)
    at FlowParserMixin.parseStatementContent (/home/hugorteixeira/AvisoVC/frontend/node_modules/@babel/parser/lib/index.js:12872:21)
    at FlowParserMixin.parseStatementLike (/home/hugorteixeira/AvisoVC/frontend/node_modules/@babel/parser/lib/index.js:12843:17)
    at FlowParserMixin.parseStatementLike (/home/hugorteixeira/AvisoVC/frontend/node_modules/@babel/parser/lib/index.js:2945:24)
    at FlowParserMixin.parseStatementListItem (/home/hugorteixeira/AvisoVC/frontend/node_modules/@babel/parser/lib/index.js:12823:17)
    at FlowParserMixin.parseBlockOrModuleBlockBody (/home/hugorteixeira/AvisoVC/frontend/node_modules/@babel/parser/lib/index.js:13392:61)
    at FlowParserMixin.parseBlockBody (/home/hugorteixeira/AvisoVC/frontend/node_modules/@babel/parser/lib/index.js:13385:10)
    at FlowParserMixin.parseBlock (/home/hugorteixeira/AvisoVC/frontend/node_modules/@babel/parser/lib/index.js:13373:10)
    at FlowParserMixin.parseFunctionBody (/home/hugorteixeira/AvisoVC/frontend/node_modules/@babel/parser/lib/index.js:12174:24)
    at FlowParserMixin.parseFunctionBody (/home/hugorteixeira/AvisoVC/frontend/node_modules/@babel/parser/lib/index.js:2922:11)
    at FlowParserMixin.parseFunctionBodyAndFinish (/home/hugorteixeira/AvisoVC/frontend/node_modules/@babel/parser/lib/index.js:12160:10)
    at FlowParserMixin.parseFunctionBodyAndFinish (/home/hugorteixeira/AvisoVC/frontend/node_modules/@babel/parser/lib/index.js:2930:18)
    at /home/hugorteixeira/AvisoVC/frontend/node_modules/@babel/parser/lib/index.js:13521:12
    at FlowParserMixin.withSmartMixTopicForbiddingContext (/home/hugorteixeira/AvisoVC/frontend/node_modules/@babel/parser/lib/index.js:12477:14)
    at FlowParserMixin.parseFunction (/home/hugorteixeira/AvisoVC/frontend/node_modules/@babel/parser/lib/index.js:13520:10)
    at FlowParserMixin.parseExportDefaultExpression (/home/hugorteixeira/AvisoVC/frontend/node_modules/@babel/parser/lib/index.js:13983:19)
    at FlowParserMixin.parseExportDefaultExpression (/home/hugorteixeira/AvisoVC/frontend/node_modules/@babel/parser/lib/index.js:2993:18)
    at FlowParserMixin.parseExport (/home/hugorteixeira/AvisoVC/frontend/node_modules/@babel/parser/lib/index.js:13904:25)

ERROR in [eslint] 
src/pages/TestFacial.jsx
  Line 351:6:  Parsing error: Unexpected token, expected "," (351:6)

webpack compiled with 2 errors
Compiling...
Failed to compile.

[eslint] 
src/pages/TestFacial.jsx
Syntax error: Unexpected token, expected "," (351:6) (351:6)
ERROR in ./src/pages/TestFacial.jsx
Module build failed (from ./node_modules/babel-loader/lib/index.js):
SyntaxError: /home/hugorteixeira/AvisoVC/frontend/src/pages/TestFacial.jsx: Unexpected token, expected "," (351:6)

  349 |       </div>
  350 |
> 351 |       {status === 'ready' && (
      |       ^
  352 |         <div className="card mt-3">
  353 |           <h3>Instruções</h3>
  354 |           <ul className="text-left">
    at constructor (/home/hugorteixeira/AvisoVC/frontend/node_modules/@babel/parser/lib/index.js:367:19)
    at FlowParserMixin.raise (/home/hugorteixeira/AvisoVC/frontend/node_modules/@babel/parser/lib/index.js:6624:19)
    at FlowParserMixin.unexpected (/home/hugorteixeira/AvisoVC/frontend/node_modules/@babel/parser/lib/index.js:6644:16)
    at FlowParserMixin.expect (/home/hugorteixeira/AvisoVC/frontend/node_modules/@babel/parser/lib/index.js:6924:12)
    at FlowParserMixin.parseParenAndDistinguishExpression (/home/hugorteixeira/AvisoVC/frontend/node_modules/@babel/parser/lib/index.js:11733:14)
    at FlowParserMixin.parseParenAndDistinguishExpression (/home/hugorteixeira/AvisoVC/frontend/node_modules/@babel/parser/lib/index.js:3620:18)
    at FlowParserMixin.parseExprAtom (/home/hugorteixeira/AvisoVC/frontend/node_modules/@babel/parser/lib/index.js:11395:23)
    at FlowParserMixin.parseExprAtom (/home/hugorteixeira/AvisoVC/frontend/node_modules/@babel/parser/lib/index.js:4793:20)
    at FlowParserMixin.parseExprSubscripts (/home/hugorteixeira/AvisoVC/frontend/node_modules/@babel/parser/lib/index.js:11145:23)
    at FlowParserMixin.parseUpdate (/home/hugorteixeira/AvisoVC/frontend/node_modules/@babel/parser/lib/index.js:11130:21)
    at FlowParserMixin.parseMaybeUnary (/home/hugorteixeira/AvisoVC/frontend/node_modules/@babel/parser/lib/index.js:11110:23)
    at FlowParserMixin.parseMaybeUnaryOrPrivate (/home/hugorteixeira/AvisoVC/frontend/node_modules/@babel/parser/lib/index.js:10963:61)
    at FlowParserMixin.parseExprOps (/home/hugorteixeira/AvisoVC/frontend/node_modules/@babel/parser/lib/index.js:10968:23)
    at FlowParserMixin.parseMaybeConditional (/home/hugorteixeira/AvisoVC/frontend/node_modules/@babel/parser/lib/index.js:10945:23)
    at FlowParserMixin.parseMaybeAssign (/home/hugorteixeira/AvisoVC/frontend/node_modules/@babel/parser/lib/index.js:10895:21)
    at FlowParserMixin.parseMaybeAssign (/home/hugorteixeira/AvisoVC/frontend/node_modules/@babel/parser/lib/index.js:3578:18)
    at FlowParserMixin.parseExpressionBase (/home/hugorteixeira/AvisoVC/frontend/node_modules/@babel/parser/lib/index.js:10848:23)
    at /home/hugorteixeira/AvisoVC/frontend/node_modules/@babel/parser/lib/index.js:10844:39
    at FlowParserMixin.allowInAnd (/home/hugorteixeira/AvisoVC/frontend/node_modules/@babel/parser/lib/index.js:12495:16)
    at FlowParserMixin.parseExpression (/home/hugorteixeira/AvisoVC/frontend/node_modules/@babel/parser/lib/index.js:10844:17)
    at FlowParserMixin.parseReturnStatement (/home/hugorteixeira/AvisoVC/frontend/node_modules/@babel/parser/lib/index.js:13218:28)
    at FlowParserMixin.parseStatementContent (/home/hugorteixeira/AvisoVC/frontend/node_modules/@babel/parser/lib/index.js:12874:21)
    at FlowParserMixin.parseStatementLike (/home/hugorteixeira/AvisoVC/frontend/node_modules/@babel/parser/lib/index.js:12843:17)
    at FlowParserMixin.parseStatementLike (/home/hugorteixeira/AvisoVC/frontend/node_modules/@babel/parser/lib/index.js:2945:24)
    at FlowParserMixin.parseStatementListItem (/home/hugorteixeira/AvisoVC/frontend/node_modules/@babel/parser/lib/index.js:12823:17)
    at FlowParserMixin.parseBlockOrModuleBlockBody (/home/hugorteixeira/AvisoVC/frontend/node_modules/@babel/parser/lib/index.js:13392:61)
    at FlowParserMixin.parseBlockBody (/home/hugorteixeira/AvisoVC/frontend/node_modules/@babel/parser/lib/index.js:13385:10)
    at FlowParserMixin.parseBlock (/home/hugorteixeira/AvisoVC/frontend/node_modules/@babel/parser/lib/index.js:13373:10)
    at FlowParserMixin.parseStatementContent (/home/hugorteixeira/AvisoVC/frontend/node_modules/@babel/parser/lib/index.js:12934:21)
    at FlowParserMixin.parseStatementLike (/home/hugorteixeira/AvisoVC/frontend/node_modules/@babel/parser/lib/index.js:12843:17)
    at FlowParserMixin.parseStatementLike (/home/hugorteixeira/AvisoVC/frontend/node_modules/@babel/parser/lib/index.js:2945:24)
    at FlowParserMixin.parseStatementOrSloppyAnnexBFunctionDeclaration (/home/hugorteixeira/AvisoVC/frontend/node_modules/@babel/parser/lib/index.js:12833:17)
    at FlowParserMixin.parseIfStatement (/home/hugorteixeira/AvisoVC/frontend/node_modules/@babel/parser/lib/index.js:13206:28)
    at FlowParserMixin.parseStatementContent (/home/hugorteixeira/AvisoVC/frontend/node_modules/@babel/parser/lib/index.js:12872:21)
    at FlowParserMixin.parseStatementLike (/home/hugorteixeira/AvisoVC/frontend/node_modules/@babel/parser/lib/index.js:12843:17)
    at FlowParserMixin.parseStatementLike (/home/hugorteixeira/AvisoVC/frontend/node_modules/@babel/parser/lib/index.js:2945:24)
    at FlowParserMixin.parseStatementListItem (/home/hugorteixeira/AvisoVC/frontend/node_modules/@babel/parser/lib/index.js:12823:17)
    at FlowParserMixin.parseBlockOrModuleBlockBody (/home/hugorteixeira/AvisoVC/frontend/node_modules/@babel/parser/lib/index.js:13392:61)
    at FlowParserMixin.parseBlockBody (/home/hugorteixeira/AvisoVC/frontend/node_modules/@babel/parser/lib/index.js:13385:10)
    at FlowParserMixin.parseBlock (/home/hugorteixeira/AvisoVC/frontend/node_modules/@babel/parser/lib/index.js:13373:10)
    at FlowParserMixin.parseFunctionBody (/home/hugorteixeira/AvisoVC/frontend/node_modules/@babel/parser/lib/index.js:12174:24)
    at FlowParserMixin.parseFunctionBody (/home/hugorteixeira/AvisoVC/frontend/node_modules/@babel/parser/lib/index.js:2922:11)
    at FlowParserMixin.parseFunctionBodyAndFinish (/home/hugorteixeira/AvisoVC/frontend/node_modules/@babel/parser/lib/index.js:12160:10)
    at FlowParserMixin.parseFunctionBodyAndFinish (/home/hugorteixeira/AvisoVC/frontend/node_modules/@babel/parser/lib/index.js:2930:18)
    at /home/hugorteixeira/AvisoVC/frontend/node_modules/@babel/parser/lib/index.js:13521:12
    at FlowParserMixin.withSmartMixTopicForbiddingContext (/home/hugorteixeira/AvisoVC/frontend/node_modules/@babel/parser/lib/index.js:12477:14)
    at FlowParserMixin.parseFunction (/home/hugorteixeira/AvisoVC/frontend/node_modules/@babel/parser/lib/index.js:13520:10)
    at FlowParserMixin.parseExportDefaultExpression (/home/hugorteixeira/AvisoVC/frontend/node_modules/@babel/parser/lib/index.js:13983:19)
    at FlowParserMixin.parseExportDefaultExpression (/home/hugorteixeira/AvisoVC/frontend/node_modules/@babel/parser/lib/index.js:2993:18)
    at FlowParserMixin.parseExport (/home/hugorteixeira/AvisoVC/frontend/node_modules/@babel/parser/lib/index.js:13904:25)

ERROR in [eslint] 
src/pages/TestFacial.jsx
  Line 351:6:  Parsing error: Unexpected token, expected "," (351:6)

webpack compiled with 2 errors
Compiling...
Failed to compile.

[eslint] 
src/pages/TestFacial.jsx
Syntax error: Unexpected token, expected "," (351:6) (351:6)
ERROR in ./src/pages/TestFacial.jsx
Module build failed (from ./node_modules/babel-loader/lib/index.js):
SyntaxError: /home/hugorteixeira/AvisoVC/frontend/src/pages/TestFacial.jsx: Unexpected token, expected "," (351:6)

  349 |       </div>
  350 |
> 351 |       {status === 'ready' && (
      |       ^
  352 |         <div className="card mt-3">
  353 |           <h3>Instruções</h3>
  354 |           <ul className="text-left">
    at constructor (/home/hugorteixeira/AvisoVC/frontend/node_modules/@babel/parser/lib/index.js:367:19)
    at FlowParserMixin.raise (/home/hugorteixeira/AvisoVC/frontend/node_modules/@babel/parser/lib/index.js:6624:19)
    at FlowParserMixin.unexpected (/home/hugorteixeira/AvisoVC/frontend/node_modules/@babel/parser/lib/index.js:6644:16)
    at FlowParserMixin.expect (/home/hugorteixeira/AvisoVC/frontend/node_modules/@babel/parser/lib/index.js:6924:12)
    at FlowParserMixin.parseParenAndDistinguishExpression (/home/hugorteixeira/AvisoVC/frontend/node_modules/@babel/parser/lib/index.js:11733:14)
    at FlowParserMixin.parseParenAndDistinguishExpression (/home/hugorteixeira/AvisoVC/frontend/node_modules/@babel/parser/lib/index.js:3620:18)
    at FlowParserMixin.parseExprAtom (/home/hugorteixeira/AvisoVC/frontend/node_modules/@babel/parser/lib/index.js:11395:23)
    at FlowParserMixin.parseExprAtom (/home/hugorteixeira/AvisoVC/frontend/node_modules/@babel/parser/lib/index.js:4793:20)
    at FlowParserMixin.parseExprSubscripts (/home/hugorteixeira/AvisoVC/frontend/node_modules/@babel/parser/lib/index.js:11145:23)
    at FlowParserMixin.parseUpdate (/home/hugorteixeira/AvisoVC/frontend/node_modules/@babel/parser/lib/index.js:11130:21)
    at FlowParserMixin.parseMaybeUnary (/home/hugorteixeira/AvisoVC/frontend/node_modules/@babel/parser/lib/index.js:11110:23)
    at FlowParserMixin.parseMaybeUnaryOrPrivate (/home/hugorteixeira/AvisoVC/frontend/node_modules/@babel/parser/lib/index.js:10963:61)
    at FlowParserMixin.parseExprOps (/home/hugorteixeira/AvisoVC/frontend/node_modules/@babel/parser/lib/index.js:10968:23)
    at FlowParserMixin.parseMaybeConditional (/home/hugorteixeira/AvisoVC/frontend/node_modules/@babel/parser/lib/index.js:10945:23)
    at FlowParserMixin.parseMaybeAssign (/home/hugorteixeira/AvisoVC/frontend/node_modules/@babel/parser/lib/index.js:10895:21)
    at FlowParserMixin.parseMaybeAssign (/home/hugorteixeira/AvisoVC/frontend/node_modules/@babel/parser/lib/index.js:3578:18)
    at FlowParserMixin.parseExpressionBase (/home/hugorteixeira/AvisoVC/frontend/node_modules/@babel/parser/lib/index.js:10848:23)
    at /home/hugorteixeira/AvisoVC/frontend/node_modules/@babel/parser/lib/index.js:10844:39
    at FlowParserMixin.allowInAnd (/home/hugorteixeira/AvisoVC/frontend/node_modules/@babel/parser/lib/index.js:12495:16)
    at FlowParserMixin.parseExpression (/home/hugorteixeira/AvisoVC/frontend/node_modules/@babel/parser/lib/index.js:10844:17)
    at FlowParserMixin.parseReturnStatement (/home/hugorteixeira/AvisoVC/frontend/node_modules/@babel/parser/lib/index.js:13218:28)
    at FlowParserMixin.parseStatementContent (/home/hugorteixeira/AvisoVC/frontend/node_modules/@babel/parser/lib/index.js:12874:21)
    at FlowParserMixin.parseStatementLike (/home/hugorteixeira/AvisoVC/frontend/node_modules/@babel/parser/lib/index.js:12843:17)
    at FlowParserMixin.parseStatementLike (/home/hugorteixeira/AvisoVC/frontend/node_modules/@babel/parser/lib/index.js:2945:24)
    at FlowParserMixin.parseStatementListItem (/home/hugorteixeira/AvisoVC/frontend/node_modules/@babel/parser/lib/index.js:12823:17)
    at FlowParserMixin.parseBlockOrModuleBlockBody (/home/hugorteixeira/AvisoVC/frontend/node_modules/@babel/parser/lib/index.js:13392:61)
    at FlowParserMixin.parseBlockBody (/home/hugorteixeira/AvisoVC/frontend/node_modules/@babel/parser/lib/index.js:13385:10)
    at FlowParserMixin.parseBlock (/home/hugorteixeira/AvisoVC/frontend/node_modules/@babel/parser/lib/index.js:13373:10)
    at FlowParserMixin.parseStatementContent (/home/hugorteixeira/AvisoVC/frontend/node_modules/@babel/parser/lib/index.js:12934:21)
    at FlowParserMixin.parseStatementLike (/home/hugorteixeira/AvisoVC/frontend/node_modules/@babel/parser/lib/index.js:12843:17)
    at FlowParserMixin.parseStatementLike (/home/hugorteixeira/AvisoVC/frontend/node_modules/@babel/parser/lib/index.js:2945:24)
    at FlowParserMixin.parseStatementOrSloppyAnnexBFunctionDeclaration (/home/hugorteixeira/AvisoVC/frontend/node_modules/@babel/parser/lib/index.js:12833:17)
    at FlowParserMixin.parseIfStatement (/home/hugorteixeira/AvisoVC/frontend/node_modules/@babel/parser/lib/index.js:13206:28)
    at FlowParserMixin.parseStatementContent (/home/hugorteixeira/AvisoVC/frontend/node_modules/@babel/parser/lib/index.js:12872:21)
    at FlowParserMixin.parseStatementLike (/home/hugorteixeira/AvisoVC/frontend/node_modules/@babel/parser/lib/index.js:12843:17)
    at FlowParserMixin.parseStatementLike (/home/hugorteixeira/AvisoVC/frontend/node_modules/@babel/parser/lib/index.js:2945:24)
    at FlowParserMixin.parseStatementListItem (/home/hugorteixeira/AvisoVC/frontend/node_modules/@babel/parser/lib/index.js:12823:17)
    at FlowParserMixin.parseBlockOrModuleBlockBody (/home/hugorteixeira/AvisoVC/frontend/node_modules/@babel/parser/lib/index.js:13392:61)
    at FlowParserMixin.parseBlockBody (/home/hugorteixeira/AvisoVC/frontend/node_modules/@babel/parser/lib/index.js:13385:10)
    at FlowParserMixin.parseBlock (/home/hugorteixeira/AvisoVC/frontend/node_modules/@babel/parser/lib/index.js:13373:10)
    at FlowParserMixin.parseFunctionBody (/home/hugorteixeira/AvisoVC/frontend/node_modules/@babel/parser/lib/index.js:12174:24)
    at FlowParserMixin.parseFunctionBody (/home/hugorteixeira/AvisoVC/frontend/node_modules/@babel/parser/lib/index.js:2922:11)
    at FlowParserMixin.parseFunctionBodyAndFinish (/home/hugorteixeira/AvisoVC/frontend/node_modules/@babel/parser/lib/index.js:12160:10)
    at FlowParserMixin.parseFunctionBodyAndFinish (/home/hugorteixeira/AvisoVC/frontend/node_modules/@babel/parser/lib/index.js:2930:18)
    at /home/hugorteixeira/AvisoVC/frontend/node_modules/@babel/parser/lib/index.js:13521:12
    at FlowParserMixin.withSmartMixTopicForbiddingContext (/home/hugorteixeira/AvisoVC/frontend/node_modules/@babel/parser/lib/index.js:12477:14)
    at FlowParserMixin.parseFunction (/home/hugorteixeira/AvisoVC/frontend/node_modules/@babel/parser/lib/index.js:13520:10)
    at FlowParserMixin.parseExportDefaultExpression (/home/hugorteixeira/AvisoVC/frontend/node_modules/@babel/parser/lib/index.js:13983:19)
    at FlowParserMixin.parseExportDefaultExpression (/home/hugorteixeira/AvisoVC/frontend/node_modules/@babel/parser/lib/index.js:2993:18)
    at FlowParserMixin.parseExport (/home/hugorteixeira/AvisoVC/frontend/node_modules/@babel/parser/lib/index.js:13904:25)

ERROR in [eslint] 
src/pages/TestFacial.jsx
  Line 351:6:  Parsing error: Unexpected token, expected "," (351:6)

webpack compiled with 2 errors
Compiling...
Failed to compile.

[eslint] 
src/pages/TestFacial.jsx
Syntax error: Unexpected token, expected "," (364:7) (364:7)
ERROR in ./src/pages/TestFacial.jsx
Module build failed (from ./node_modules/babel-loader/lib/index.js):
SyntaxError: /home/hugorteixeira/AvisoVC/frontend/src/pages/TestFacial.jsx: Unexpected token, expected "," (364:7)

  362 |           </p>
  363 |         </div>
> 364 |       )}
      |        ^
  365 |     );
  366 |   }
  367 |
    at constructor (/home/hugorteixeira/AvisoVC/frontend/node_modules/@babel/parser/lib/index.js:367:19)
    at FlowParserMixin.raise (/home/hugorteixeira/AvisoVC/frontend/node_modules/@babel/parser/lib/index.js:6624:19)
    at FlowParserMixin.unexpected (/home/hugorteixeira/AvisoVC/frontend/node_modules/@babel/parser/lib/index.js:6644:16)
    at FlowParserMixin.expect (/home/hugorteixeira/AvisoVC/frontend/node_modules/@babel/parser/lib/index.js:6924:12)
    at FlowParserMixin.parseParenAndDistinguishExpression (/home/hugorteixeira/AvisoVC/frontend/node_modules/@babel/parser/lib/index.js:11733:14)
    at FlowParserMixin.parseParenAndDistinguishExpression (/home/hugorteixeira/AvisoVC/frontend/node_modules/@babel/parser/lib/index.js:3620:18)
    at FlowParserMixin.parseExprAtom (/home/hugorteixeira/AvisoVC/frontend/node_modules/@babel/parser/lib/index.js:11395:23)
    at FlowParserMixin.parseExprAtom (/home/hugorteixeira/AvisoVC/frontend/node_modules/@babel/parser/lib/index.js:4793:20)
    at FlowParserMixin.parseExprSubscripts (/home/hugorteixeira/AvisoVC/frontend/node_modules/@babel/parser/lib/index.js:11145:23)
    at FlowParserMixin.parseUpdate (/home/hugorteixeira/AvisoVC/frontend/node_modules/@babel/parser/lib/index.js:11130:21)
    at FlowParserMixin.parseMaybeUnary (/home/hugorteixeira/AvisoVC/frontend/node_modules/@babel/parser/lib/index.js:11110:23)
    at FlowParserMixin.parseMaybeUnaryOrPrivate (/home/hugorteixeira/AvisoVC/frontend/node_modules/@babel/parser/lib/index.js:10963:61)
    at FlowParserMixin.parseExprOps (/home/hugorteixeira/AvisoVC/frontend/node_modules/@babel/parser/lib/index.js:10968:23)
    at FlowParserMixin.parseMaybeConditional (/home/hugorteixeira/AvisoVC/frontend/node_modules/@babel/parser/lib/index.js:10945:23)
    at FlowParserMixin.parseMaybeAssign (/home/hugorteixeira/AvisoVC/frontend/node_modules/@babel/parser/lib/index.js:10895:21)
    at FlowParserMixin.parseMaybeAssign (/home/hugorteixeira/AvisoVC/frontend/node_modules/@babel/parser/lib/index.js:3578:18)
    at FlowParserMixin.parseExpressionBase (/home/hugorteixeira/AvisoVC/frontend/node_modules/@babel/parser/lib/index.js:10848:23)
    at /home/hugorteixeira/AvisoVC/frontend/node_modules/@babel/parser/lib/index.js:10844:39
    at FlowParserMixin.allowInAnd (/home/hugorteixeira/AvisoVC/frontend/node_modules/@babel/parser/lib/index.js:12495:16)
    at FlowParserMixin.parseExpression (/home/hugorteixeira/AvisoVC/frontend/node_modules/@babel/parser/lib/index.js:10844:17)
    at FlowParserMixin.parseReturnStatement (/home/hugorteixeira/AvisoVC/frontend/node_modules/@babel/parser/lib/index.js:13218:28)
    at FlowParserMixin.parseStatementContent (/home/hugorteixeira/AvisoVC/frontend/node_modules/@babel/parser/lib/index.js:12874:21)
    at FlowParserMixin.parseStatementLike (/home/hugorteixeira/AvisoVC/frontend/node_modules/@babel/parser/lib/index.js:12843:17)
    at FlowParserMixin.parseStatementLike (/home/hugorteixeira/AvisoVC/frontend/node_modules/@babel/parser/lib/index.js:2945:24)
    at FlowParserMixin.parseStatementListItem (/home/hugorteixeira/AvisoVC/frontend/node_modules/@babel/parser/lib/index.js:12823:17)
    at FlowParserMixin.parseBlockOrModuleBlockBody (/home/hugorteixeira/AvisoVC/frontend/node_modules/@babel/parser/lib/index.js:13392:61)
    at FlowParserMixin.parseBlockBody (/home/hugorteixeira/AvisoVC/frontend/node_modules/@babel/parser/lib/index.js:13385:10)
    at FlowParserMixin.parseBlock (/home/hugorteixeira/AvisoVC/frontend/node_modules/@babel/parser/lib/index.js:13373:10)
    at FlowParserMixin.parseStatementContent (/home/hugorteixeira/AvisoVC/frontend/node_modules/@babel/parser/lib/index.js:12934:21)
    at FlowParserMixin.parseStatementLike (/home/hugorteixeira/AvisoVC/frontend/node_modules/@babel/parser/lib/index.js:12843:17)
    at FlowParserMixin.parseStatementLike (/home/hugorteixeira/AvisoVC/frontend/node_modules/@babel/parser/lib/index.js:2945:24)
    at FlowParserMixin.parseStatementOrSloppyAnnexBFunctionDeclaration (/home/hugorteixeira/AvisoVC/frontend/node_modules/@babel/parser/lib/index.js:12833:17)
    at FlowParserMixin.parseIfStatement (/home/hugorteixeira/AvisoVC/frontend/node_modules/@babel/parser/lib/index.js:13206:28)
    at FlowParserMixin.parseStatementContent (/home/hugorteixeira/AvisoVC/frontend/node_modules/@babel/parser/lib/index.js:12872:21)
    at FlowParserMixin.parseStatementLike (/home/hugorteixeira/AvisoVC/frontend/node_modules/@babel/parser/lib/index.js:12843:17)
    at FlowParserMixin.parseStatementLike (/home/hugorteixeira/AvisoVC/frontend/node_modules/@babel/parser/lib/index.js:2945:24)
    at FlowParserMixin.parseStatementListItem (/home/hugorteixeira/AvisoVC/frontend/node_modules/@babel/parser/lib/index.js:12823:17)
    at FlowParserMixin.parseBlockOrModuleBlockBody (/home/hugorteixeira/AvisoVC/frontend/node_modules/@babel/parser/lib/index.js:13392:61)
    at FlowParserMixin.parseBlockBody (/home/hugorteixeira/AvisoVC/frontend/node_modules/@babel/parser/lib/index.js:13385:10)
    at FlowParserMixin.parseBlock (/home/hugorteixeira/AvisoVC/frontend/node_modules/@babel/parser/lib/index.js:13373:10)
    at FlowParserMixin.parseFunctionBody (/home/hugorteixeira/AvisoVC/frontend/node_modules/@babel/parser/lib/index.js:12174:24)
    at FlowParserMixin.parseFunctionBody (/home/hugorteixeira/AvisoVC/frontend/node_modules/@babel/parser/lib/index.js:2922:11)
    at FlowParserMixin.parseFunctionBodyAndFinish (/home/hugorteixeira/AvisoVC/frontend/node_modules/@babel/parser/lib/index.js:12160:10)
    at FlowParserMixin.parseFunctionBodyAndFinish (/home/hugorteixeira/AvisoVC/frontend/node_modules/@babel/parser/lib/index.js:2930:18)
    at /home/hugorteixeira/AvisoVC/frontend/node_modules/@babel/parser/lib/index.js:13521:12
    at FlowParserMixin.withSmartMixTopicForbiddingContext (/home/hugorteixeira/AvisoVC/frontend/node_modules/@babel/parser/lib/index.js:12477:14)
    at FlowParserMixin.parseFunction (/home/hugorteixeira/AvisoVC/frontend/node_modules/@babel/parser/lib/index.js:13520:10)
    at FlowParserMixin.parseExportDefaultExpression (/home/hugorteixeira/AvisoVC/frontend/node_modules/@babel/parser/lib/index.js:13983:19)
    at FlowParserMixin.parseExportDefaultExpression (/home/hugorteixeira/AvisoVC/frontend/node_modules/@babel/parser/lib/index.js:2993:18)
    at FlowParserMixin.parseExport (/home/hugorteixeira/AvisoVC/frontend/node_modules/@babel/parser/lib/index.js:13904:25)

ERROR in [eslint] 
src/pages/TestFacial.jsx
  Line 364:7:  Parsing error: Unexpected token, expected "," (364:7)

webpack compiled with 2 errors
Compiling...
Compiled successfully!
webpack compiled successfully
Failed to compile.

Module not found: Error: Can't resolve '../components/TestQuickMenu' in '/home/hugorteixeira/AvisoVC/frontend/src/pages'
ERROR in ./src/pages/TestArmLeft.jsx 7:0-56
Module not found: Error: Can't resolve '../components/TestQuickMenu' in '/home/hugorteixeira/AvisoVC/frontend/src/pages'

ERROR in ./src/pages/TestArmRight.jsx 7:0-56
Module not found: Error: Can't resolve '../components/TestQuickMenu' in '/home/hugorteixeira/AvisoVC/frontend/src/pages'

ERROR in ./src/pages/TestFacial.jsx 9:0-56
Module not found: Error: Can't resolve '../components/TestQuickMenu' in '/home/hugorteixeira/AvisoVC/frontend/src/pages'

ERROR in ./src/pages/TestSpeech.jsx 10:0-56
Module not found: Error: Can't resolve '../components/TestQuickMenu' in '/home/hugorteixeira/AvisoVC/frontend/src/pages'

webpack compiled with 4 errors
Compiling...
Failed to compile.

Module not found: Error: Can't resolve '../components/TestQuickMenu' in '/home/hugorteixeira/AvisoVC/frontend/src/pages'
ERROR in ./src/pages/TestArmLeft.jsx 7:0-56
Module not found: Error: Can't resolve '../components/TestQuickMenu' in '/home/hugorteixeira/AvisoVC/frontend/src/pages'

ERROR in ./src/pages/TestArmRight.jsx 7:0-56
Module not found: Error: Can't resolve '../components/TestQuickMenu' in '/home/hugorteixeira/AvisoVC/frontend/src/pages'

ERROR in ./src/pages/TestFacial.jsx 9:0-56
Module not found: Error: Can't resolve '../components/TestQuickMenu' in '/home/hugorteixeira/AvisoVC/frontend/src/pages'

ERROR in ./src/pages/TestSpeech.jsx 10:0-56
Module not found: Error: Can't resolve '../components/TestQuickMenu' in '/home/hugorteixeira/AvisoVC/frontend/src/pages'

webpack compiled with 4 errors
Compiling...
Failed to compile.

Module not found: Error: Can't resolve '../components/TestQuickMenu' in '/home/hugorteixeira/AvisoVC/frontend/src/pages'
ERROR in ./src/pages/TestArmLeft.jsx 7:0-56
Module not found: Error: Can't resolve '../components/TestQuickMenu' in '/home/hugorteixeira/AvisoVC/frontend/src/pages'

ERROR in ./src/pages/TestArmRight.jsx 7:0-56
Module not found: Error: Can't resolve '../components/TestQuickMenu' in '/home/hugorteixeira/AvisoVC/frontend/src/pages'

ERROR in ./src/pages/TestSpeech.jsx 10:0-56
Module not found: Error: Can't resolve '../components/TestQuickMenu' in '/home/hugorteixeira/AvisoVC/frontend/src/pages'

webpack compiled with 3 errors
Compiling...
Failed to compile.

Module not found: Error: Can't resolve '../components/TestQuickMenu' in '/home/hugorteixeira/AvisoVC/frontend/src/pages'
ERROR in ./src/pages/TestArmLeft.jsx 7:0-56
Module not found: Error: Can't resolve '../components/TestQuickMenu' in '/home/hugorteixeira/AvisoVC/frontend/src/pages'

ERROR in ./src/pages/TestSpeech.jsx 10:0-56
Module not found: Error: Can't resolve '../components/TestQuickMenu' in '/home/hugorteixeira/AvisoVC/frontend/src/pages'

webpack compiled with 2 errors
Compiling...
Failed to compile.

Module not found: Error: Can't resolve '../components/TestQuickMenu' in '/home/hugorteixeira/AvisoVC/frontend/src/pages'
ERROR in ./src/pages/TestSpeech.jsx 10:0-56
Module not found: Error: Can't resolve '../components/TestQuickMenu' in '/home/hugorteixeira/AvisoVC/frontend/src/pages'

webpack compiled with 1 error
Compiling...
Compiled successfully!
webpack compiled successfully
Compiling...
Compiled successfully!
webpack compiled successfully
Compiling...
Compiled successfully!
webpack compiled successfully
Compiling...
Compiled successfully!
webpack compiled successfully
Compiling...
Compiled successfully!
webpack compiled successfully
